2024-11-21 18:24:12,308 Namespace(out_dir='out', frequent=10, eval_interval=1, gpu=False, num_workers=4)
2024-11-21 18:24:13,376 => load 200 samples
2024-11-21 18:24:13,377 => load 200 samples
2024-11-21 18:24:15,995 Epoch: [0][0/200]	Time 2.618s (2.618s)	Speed 12.2 samples/s	Data 1.912s (1.912s)	Loss 2.53727 (2.53727)
2024-11-21 18:24:19,907 Epoch: [0][10/200]	Time 0.338s (0.594s)	Speed 94.5 samples/s	Data 0.000s (0.174s)	Loss 2.07869 (2.27480)
2024-11-21 18:24:23,423 Epoch: [0][20/200]	Time 0.355s (0.478s)	Speed 90.0 samples/s	Data 0.000s (0.091s)	Loss 1.79167 (2.10414)
2024-11-21 18:24:27,203 Epoch: [0][30/200]	Time 0.339s (0.446s)	Speed 94.5 samples/s	Data 0.000s (0.062s)	Loss 1.54918 (1.95793)
2024-11-21 18:24:30,821 Epoch: [0][40/200]	Time 0.344s (0.425s)	Speed 93.0 samples/s	Data 0.000s (0.047s)	Loss 1.32548 (1.82735)
2024-11-21 18:24:34,324 Epoch: [0][50/200]	Time 0.355s (0.411s)	Speed 90.2 samples/s	Data 0.000s (0.038s)	Loss 1.13807 (1.70890)
2024-11-21 18:24:38,100 Epoch: [0][60/200]	Time 0.339s (0.405s)	Speed 94.4 samples/s	Data 0.000s (0.032s)	Loss 0.96398 (1.59891)
2024-11-21 18:24:41,757 Epoch: [0][70/200]	Time 0.347s (0.400s)	Speed 92.1 samples/s	Data 0.000s (0.027s)	Loss 0.81834 (1.49833)
2024-11-21 18:24:45,555 Epoch: [0][80/200]	Time 0.390s (0.397s)	Speed 82.0 samples/s	Data 0.000s (0.024s)	Loss 0.69447 (1.40563)
2024-11-21 18:24:49,357 Epoch: [0][90/200]	Time 0.426s (0.395s)	Speed 75.1 samples/s	Data 0.000s (0.022s)	Loss 0.61006 (1.32169)
2024-11-21 18:24:53,338 Epoch: [0][100/200]	Time 0.368s (0.396s)	Speed 86.9 samples/s	Data 0.000s (0.020s)	Loss 0.51593 (1.24580)
2024-11-21 18:24:57,250 Epoch: [0][110/200]	Time 0.334s (0.395s)	Speed 95.7 samples/s	Data 0.000s (0.018s)	Loss 0.44691 (1.17716)
2024-11-21 18:25:00,808 Epoch: [0][120/200]	Time 0.335s (0.392s)	Speed 95.5 samples/s	Data 0.000s (0.016s)	Loss 0.39165 (1.11513)
2024-11-21 18:25:04,324 Epoch: [0][130/200]	Time 0.343s (0.389s)	Speed 93.4 samples/s	Data 0.000s (0.015s)	Loss 0.37146 (1.05866)
2024-11-21 18:25:08,122 Epoch: [0][140/200]	Time 0.336s (0.388s)	Speed 95.2 samples/s	Data 0.000s (0.014s)	Loss 0.32968 (1.00820)
2024-11-21 18:25:11,956 Epoch: [0][150/200]	Time 0.432s (0.388s)	Speed 74.2 samples/s	Data 0.000s (0.013s)	Loss 0.30502 (0.96183)
2024-11-21 18:25:15,807 Epoch: [0][160/200]	Time 0.425s (0.388s)	Speed 75.2 samples/s	Data 0.000s (0.013s)	Loss 0.28763 (0.92003)
2024-11-21 18:25:19,650 Epoch: [0][170/200]	Time 0.362s (0.388s)	Speed 88.3 samples/s	Data 0.000s (0.012s)	Loss 0.27307 (0.88185)
2024-11-21 18:25:23,420 Epoch: [0][180/200]	Time 0.385s (0.387s)	Speed 83.0 samples/s	Data 0.000s (0.011s)	Loss 0.24293 (0.84711)
2024-11-21 18:25:27,307 Epoch: [0][190/200]	Time 0.380s (0.387s)	Speed 84.2 samples/s	Data 0.001s (0.011s)	Loss 0.21938 (0.81480)
2024-11-21 18:25:55,099 Test: [0/200]	Time 4.362 (4.362)	Loss 0.4760 (0.4760)
2024-11-21 18:25:55,298 Test: [10/200]	Time 0.017 (0.415)	Loss 0.1646 (0.3869)
2024-11-21 18:25:55,468 Test: [20/200]	Time 0.018 (0.225)	Loss 0.2899 (0.3998)
2024-11-21 18:25:55,628 Test: [30/200]	Time 0.015 (0.158)	Loss 0.5751 (0.4068)
2024-11-21 18:25:55,794 Test: [40/200]	Time 0.016 (0.123)	Loss 0.4240 (0.4225)
2024-11-21 18:25:55,966 Test: [50/200]	Time 0.018 (0.103)	Loss 0.5035 (0.4265)
2024-11-21 18:25:56,128 Test: [60/200]	Time 0.016 (0.088)	Loss 0.4948 (0.4274)
2024-11-21 18:25:56,322 Test: [70/200]	Time 0.017 (0.079)	Loss 0.4147 (0.4266)
2024-11-21 18:25:56,492 Test: [80/200]	Time 0.016 (0.071)	Loss 0.5199 (0.4210)
2024-11-21 18:25:56,667 Test: [90/200]	Time 0.016 (0.065)	Loss 0.5125 (0.4248)
2024-11-21 18:25:56,864 Test: [100/200]	Time 0.020 (0.061)	Loss 0.5393 (0.4237)
2024-11-21 18:25:57,073 Test: [110/200]	Time 0.059 (0.057)	Loss 0.5053 (0.4249)
2024-11-21 18:25:57,357 Test: [120/200]	Time 0.045 (0.055)	Loss 0.4861 (0.4221)
2024-11-21 18:25:57,572 Test: [130/200]	Time 0.080 (0.052)	Loss 0.4024 (0.4265)
2024-11-21 18:25:57,751 Test: [140/200]	Time 0.013 (0.050)	Loss 0.3796 (0.4253)
2024-11-21 18:25:57,982 Test: [150/200]	Time 0.021 (0.048)	Loss 0.4596 (0.4239)
2024-11-21 18:25:58,150 Test: [160/200]	Time 0.015 (0.046)	Loss 0.4412 (0.4236)
2024-11-21 18:25:58,308 Test: [170/200]	Time 0.015 (0.044)	Loss 0.3160 (0.4211)
2024-11-21 18:25:58,457 Test: [180/200]	Time 0.017 (0.043)	Loss 0.3412 (0.4189)
2024-11-21 18:25:58,619 Test: [190/200]	Time 0.016 (0.041)	Loss 0.3735 (0.4199)
2024-11-21 18:26:04,256 Mean IoU score: 0.170
2024-11-21 18:26:04,257 => saving checkpoint to out
2024-11-21 18:26:07,184 Epoch: [1][0/200]	Time 2.896s (2.896s)	Speed 11.1 samples/s	Data 2.423s (2.423s)	Loss 0.21209 (0.21209)
2024-11-21 18:26:11,007 Epoch: [1][10/200]	Time 0.361s (0.611s)	Speed 88.5 samples/s	Data 0.001s (0.221s)	Loss 0.21001 (0.21923)
2024-11-21 18:26:14,505 Epoch: [1][20/200]	Time 0.335s (0.486s)	Speed 95.5 samples/s	Data 0.000s (0.116s)	Loss 0.26456 (0.21538)
2024-11-21 18:26:18,306 Epoch: [1][30/200]	Time 0.359s (0.452s)	Speed 89.2 samples/s	Data 0.000s (0.079s)	Loss 0.17558 (0.21184)
2024-11-21 18:26:22,008 Epoch: [1][40/200]	Time 0.344s (0.432s)	Speed 93.0 samples/s	Data 0.000s (0.060s)	Loss 0.18869 (0.20657)
2024-11-21 18:26:25,658 Epoch: [1][50/200]	Time 0.346s (0.419s)	Speed 92.4 samples/s	Data 0.001s (0.048s)	Loss 0.16491 (0.20266)
2024-11-21 18:26:29,667 Epoch: [1][60/200]	Time 0.396s (0.416s)	Speed 80.8 samples/s	Data 0.000s (0.040s)	Loss 0.17860 (0.19902)
2024-11-21 18:26:33,962 Epoch: [1][70/200]	Time 0.432s (0.418s)	Speed 74.0 samples/s	Data 0.000s (0.035s)	Loss 0.16806 (0.19502)
2024-11-21 18:26:37,829 Epoch: [1][80/200]	Time 0.359s (0.414s)	Speed 89.1 samples/s	Data 0.000s (0.030s)	Loss 0.13266 (0.19032)
2024-11-21 18:26:41,495 Epoch: [1][90/200]	Time 0.339s (0.409s)	Speed 94.3 samples/s	Data 0.000s (0.027s)	Loss 0.15087 (0.18580)
2024-11-21 18:26:45,122 Epoch: [1][100/200]	Time 0.350s (0.404s)	Speed 91.4 samples/s	Data 0.000s (0.024s)	Loss 0.14330 (0.18321)
2024-11-21 18:26:48,880 Epoch: [1][110/200]	Time 0.385s (0.402s)	Speed 83.1 samples/s	Data 0.000s (0.022s)	Loss 0.13521 (0.18014)
2024-11-21 18:26:52,510 Epoch: [1][120/200]	Time 0.415s (0.399s)	Speed 77.2 samples/s	Data 0.000s (0.020s)	Loss 0.11950 (0.17625)
2024-11-21 18:26:55,988 Epoch: [1][130/200]	Time 0.331s (0.395s)	Speed 96.7 samples/s	Data 0.000s (0.019s)	Loss 0.12003 (0.17265)
2024-11-21 18:26:59,955 Epoch: [1][140/200]	Time 0.536s (0.395s)	Speed 59.7 samples/s	Data 0.000s (0.018s)	Loss 0.14664 (0.16947)
2024-11-21 18:27:03,481 Epoch: [1][150/200]	Time 0.339s (0.392s)	Speed 94.4 samples/s	Data 0.000s (0.016s)	Loss 0.10613 (0.16615)
2024-11-21 18:27:07,127 Epoch: [1][160/200]	Time 0.409s (0.390s)	Speed 78.2 samples/s	Data 0.000s (0.015s)	Loss 0.12408 (0.16322)
2024-11-21 18:27:10,761 Epoch: [1][170/200]	Time 0.390s (0.389s)	Speed 82.1 samples/s	Data 0.000s (0.015s)	Loss 0.10569 (0.16037)
2024-11-21 18:27:14,369 Epoch: [1][180/200]	Time 0.366s (0.387s)	Speed 87.5 samples/s	Data 0.000s (0.014s)	Loss 0.11919 (0.15773)
2024-11-21 18:27:18,195 Epoch: [1][190/200]	Time 0.344s (0.387s)	Speed 93.1 samples/s	Data 0.001s (0.013s)	Loss 0.11354 (0.15519)
2024-11-21 18:27:44,043 Test: [0/200]	Time 2.556 (2.556)	Loss 0.2994 (0.2994)
2024-11-21 18:27:44,234 Test: [10/200]	Time 0.018 (0.250)	Loss 0.0714 (0.2209)
2024-11-21 18:27:44,410 Test: [20/200]	Time 0.017 (0.139)	Loss 0.1589 (0.2254)
2024-11-21 18:27:44,577 Test: [30/200]	Time 0.015 (0.100)	Loss 0.3248 (0.2322)
2024-11-21 18:27:44,735 Test: [40/200]	Time 0.014 (0.079)	Loss 0.2291 (0.2420)
2024-11-21 18:27:44,887 Test: [50/200]	Time 0.014 (0.067)	Loss 0.3140 (0.2430)
2024-11-21 18:27:45,052 Test: [60/200]	Time 0.015 (0.058)	Loss 0.2906 (0.2449)
2024-11-21 18:27:45,233 Test: [70/200]	Time 0.013 (0.053)	Loss 0.2219 (0.2441)
2024-11-21 18:27:45,389 Test: [80/200]	Time 0.013 (0.048)	Loss 0.3248 (0.2406)
2024-11-21 18:27:45,548 Test: [90/200]	Time 0.013 (0.045)	Loss 0.3273 (0.2428)
2024-11-21 18:27:45,714 Test: [100/200]	Time 0.014 (0.042)	Loss 0.3271 (0.2418)
2024-11-21 18:27:45,867 Test: [110/200]	Time 0.015 (0.039)	Loss 0.3144 (0.2426)
2024-11-21 18:27:46,027 Test: [120/200]	Time 0.014 (0.038)	Loss 0.2899 (0.2404)
2024-11-21 18:27:46,193 Test: [130/200]	Time 0.013 (0.036)	Loss 0.2032 (0.2431)
2024-11-21 18:27:46,359 Test: [140/200]	Time 0.022 (0.035)	Loss 0.2480 (0.2425)
2024-11-21 18:27:46,516 Test: [150/200]	Time 0.022 (0.033)	Loss 0.2510 (0.2408)
2024-11-21 18:27:46,678 Test: [160/200]	Time 0.016 (0.032)	Loss 0.2900 (0.2403)
2024-11-21 18:27:46,821 Test: [170/200]	Time 0.014 (0.031)	Loss 0.1715 (0.2384)
2024-11-21 18:27:46,987 Test: [180/200]	Time 0.012 (0.030)	Loss 0.1962 (0.2370)
2024-11-21 18:27:47,149 Test: [190/200]	Time 0.028 (0.030)	Loss 0.1740 (0.2378)
2024-11-21 18:27:52,827 Mean IoU score: 0.469
2024-11-21 18:27:52,828 => saving checkpoint to out
2024-11-21 18:27:55,104 Epoch: [2][0/200]	Time 2.255s (2.255s)	Speed 14.2 samples/s	Data 1.879s (1.879s)	Loss 0.09220 (0.09220)
2024-11-21 18:27:58,803 Epoch: [2][10/200]	Time 0.352s (0.541s)	Speed 90.9 samples/s	Data 0.000s (0.171s)	Loss 0.10023 (0.09993)
2024-11-21 18:28:02,393 Epoch: [2][20/200]	Time 0.395s (0.454s)	Speed 81.0 samples/s	Data 0.000s (0.090s)	Loss 0.09783 (0.09596)
2024-11-21 18:28:06,004 Epoch: [2][30/200]	Time 0.338s (0.424s)	Speed 94.6 samples/s	Data 0.000s (0.061s)	Loss 0.07643 (0.09124)
2024-11-21 18:28:09,796 Epoch: [2][40/200]	Time 0.375s (0.413s)	Speed 85.4 samples/s	Data 0.000s (0.046s)	Loss 0.07758 (0.08955)
2024-11-21 18:28:13,348 Epoch: [2][50/200]	Time 0.344s (0.402s)	Speed 93.0 samples/s	Data 0.000s (0.037s)	Loss 0.07142 (0.08743)
2024-11-21 18:28:17,201 Epoch: [2][60/200]	Time 0.388s (0.399s)	Speed 82.4 samples/s	Data 0.000s (0.031s)	Loss 0.07026 (0.08571)
2024-11-21 18:28:20,989 Epoch: [2][70/200]	Time 0.355s (0.396s)	Speed 90.2 samples/s	Data 0.001s (0.027s)	Loss 0.07813 (0.08372)
2024-11-21 18:28:24,518 Epoch: [2][80/200]	Time 0.334s (0.391s)	Speed 95.8 samples/s	Data 0.000s (0.024s)	Loss 0.06414 (0.08197)
2024-11-21 18:28:28,106 Epoch: [2][90/200]	Time 0.464s (0.387s)	Speed 68.9 samples/s	Data 0.000s (0.021s)	Loss 0.05783 (0.08038)
2024-11-21 18:28:31,699 Epoch: [2][100/200]	Time 0.338s (0.385s)	Speed 94.6 samples/s	Data 0.000s (0.019s)	Loss 0.07192 (0.07870)
2024-11-21 18:28:35,146 Epoch: [2][110/200]	Time 0.341s (0.381s)	Speed 93.9 samples/s	Data 0.000s (0.017s)	Loss 0.06128 (0.07793)
2024-11-21 18:28:38,930 Epoch: [2][120/200]	Time 0.346s (0.381s)	Speed 92.4 samples/s	Data 0.000s (0.016s)	Loss 0.06871 (0.07645)
2024-11-21 18:28:42,393 Epoch: [2][130/200]	Time 0.340s (0.378s)	Speed 94.0 samples/s	Data 0.000s (0.015s)	Loss 0.06103 (0.07506)
2024-11-21 18:28:46,210 Epoch: [2][140/200]	Time 0.342s (0.378s)	Speed 93.7 samples/s	Data 0.001s (0.014s)	Loss 0.06300 (0.07384)
2024-11-21 18:28:49,920 Epoch: [2][150/200]	Time 0.343s (0.378s)	Speed 93.2 samples/s	Data 0.000s (0.013s)	Loss 0.05098 (0.07292)
2024-11-21 18:28:53,648 Epoch: [2][160/200]	Time 0.384s (0.378s)	Speed 83.4 samples/s	Data 0.000s (0.012s)	Loss 0.04467 (0.07157)
2024-11-21 18:28:57,215 Epoch: [2][170/200]	Time 0.343s (0.376s)	Speed 93.2 samples/s	Data 0.000s (0.011s)	Loss 0.05132 (0.07041)
2024-11-21 18:29:00,904 Epoch: [2][180/200]	Time 0.339s (0.376s)	Speed 94.4 samples/s	Data 0.000s (0.011s)	Loss 0.04917 (0.06917)
2024-11-21 18:29:04,398 Epoch: [2][190/200]	Time 0.345s (0.375s)	Speed 92.7 samples/s	Data 0.000s (0.010s)	Loss 0.05149 (0.06799)
2024-11-21 18:29:31,917 Test: [0/200]	Time 4.307 (4.307)	Loss 0.1396 (0.1396)
2024-11-21 18:29:32,116 Test: [10/200]	Time 0.016 (0.410)	Loss 0.0395 (0.1045)
2024-11-21 18:29:32,300 Test: [20/200]	Time 0.014 (0.223)	Loss 0.0826 (0.1084)
2024-11-21 18:29:32,483 Test: [30/200]	Time 0.014 (0.157)	Loss 0.1553 (0.1142)
2024-11-21 18:29:32,658 Test: [40/200]	Time 0.018 (0.123)	Loss 0.1040 (0.1186)
2024-11-21 18:29:32,834 Test: [50/200]	Time 0.016 (0.102)	Loss 0.1714 (0.1197)
2024-11-21 18:29:33,010 Test: [60/200]	Time 0.030 (0.089)	Loss 0.1517 (0.1219)
2024-11-21 18:29:33,166 Test: [70/200]	Time 0.015 (0.078)	Loss 0.1143 (0.1218)
2024-11-21 18:29:33,337 Test: [80/200]	Time 0.015 (0.071)	Loss 0.1423 (0.1200)
2024-11-21 18:29:33,531 Test: [90/200]	Time 0.015 (0.065)	Loss 0.1613 (0.1222)
2024-11-21 18:29:33,726 Test: [100/200]	Time 0.019 (0.061)	Loss 0.1637 (0.1214)
2024-11-21 18:29:33,900 Test: [110/200]	Time 0.018 (0.057)	Loss 0.1783 (0.1223)
2024-11-21 18:29:34,082 Test: [120/200]	Time 0.017 (0.053)	Loss 0.1285 (0.1206)
2024-11-21 18:29:34,241 Test: [130/200]	Time 0.015 (0.051)	Loss 0.1036 (0.1218)
2024-11-21 18:29:34,411 Test: [140/200]	Time 0.023 (0.048)	Loss 0.1167 (0.1208)
2024-11-21 18:29:34,594 Test: [150/200]	Time 0.017 (0.046)	Loss 0.1219 (0.1199)
2024-11-21 18:29:34,761 Test: [160/200]	Time 0.018 (0.044)	Loss 0.1523 (0.1202)
2024-11-21 18:29:34,940 Test: [170/200]	Time 0.023 (0.043)	Loss 0.1043 (0.1192)
2024-11-21 18:29:35,122 Test: [180/200]	Time 0.029 (0.042)	Loss 0.1002 (0.1183)
2024-11-21 18:29:35,264 Test: [190/200]	Time 0.014 (0.040)	Loss 0.0688 (0.1186)
2024-11-21 18:29:40,916 Mean IoU score: 0.740
2024-11-21 18:29:40,917 => saving checkpoint to out
2024-11-21 18:29:43,228 Epoch: [3][0/200]	Time 2.290s (2.290s)	Speed 14.0 samples/s	Data 1.911s (1.911s)	Loss 0.04437 (0.04437)
2024-11-21 18:29:46,945 Epoch: [3][10/200]	Time 0.366s (0.546s)	Speed 87.3 samples/s	Data 0.001s (0.174s)	Loss 0.04975 (0.04607)
2024-11-21 18:29:50,896 Epoch: [3][20/200]	Time 0.343s (0.474s)	Speed 93.3 samples/s	Data 0.000s (0.091s)	Loss 0.07236 (0.04531)
2024-11-21 18:29:54,433 Epoch: [3][30/200]	Time 0.360s (0.435s)	Speed 88.9 samples/s	Data 0.000s (0.062s)	Loss 0.02942 (0.04402)
2024-11-21 18:29:58,171 Epoch: [3][40/200]	Time 0.346s (0.420s)	Speed 92.4 samples/s	Data 0.000s (0.047s)	Loss 0.03876 (0.04359)
2024-11-21 18:30:02,059 Epoch: [3][50/200]	Time 0.381s (0.414s)	Speed 83.9 samples/s	Data 0.000s (0.038s)	Loss 0.03204 (0.04272)
2024-11-21 18:30:05,595 Epoch: [3][60/200]	Time 0.343s (0.404s)	Speed 93.2 samples/s	Data 0.000s (0.032s)	Loss 0.03486 (0.04177)
2024-11-21 18:30:09,275 Epoch: [3][70/200]	Time 0.489s (0.399s)	Speed 65.4 samples/s	Data 0.000s (0.027s)	Loss 0.03967 (0.04128)
2024-11-21 18:30:12,804 Epoch: [3][80/200]	Time 0.347s (0.393s)	Speed 92.1 samples/s	Data 0.000s (0.024s)	Loss 0.02940 (0.04096)
2024-11-21 18:30:16,456 Epoch: [3][90/200]	Time 0.351s (0.390s)	Speed 91.2 samples/s	Data 0.000s (0.021s)	Loss 0.03328 (0.04045)
2024-11-21 18:30:20,125 Epoch: [3][100/200]	Time 0.350s (0.388s)	Speed 91.4 samples/s	Data 0.000s (0.019s)	Loss 0.03509 (0.04010)
2024-11-21 18:30:23,563 Epoch: [3][110/200]	Time 0.341s (0.384s)	Speed 93.9 samples/s	Data 0.000s (0.018s)	Loss 0.03380 (0.03972)
2024-11-21 18:30:27,248 Epoch: [3][120/200]	Time 0.338s (0.383s)	Speed 94.7 samples/s	Data 0.000s (0.016s)	Loss 0.04129 (0.03958)
2024-11-21 18:30:31,314 Epoch: [3][130/200]	Time 0.365s (0.385s)	Speed 87.6 samples/s	Data 0.000s (0.015s)	Loss 0.03843 (0.03939)
2024-11-21 18:30:35,076 Epoch: [3][140/200]	Time 0.346s (0.384s)	Speed 92.4 samples/s	Data 0.000s (0.014s)	Loss 0.03438 (0.03904)
2024-11-21 18:30:38,693 Epoch: [3][150/200]	Time 0.358s (0.382s)	Speed 89.4 samples/s	Data 0.000s (0.013s)	Loss 0.02732 (0.03883)
2024-11-21 18:30:42,552 Epoch: [3][160/200]	Time 0.387s (0.383s)	Speed 82.8 samples/s	Data 0.000s (0.012s)	Loss 0.03434 (0.03879)
2024-11-21 18:30:46,123 Epoch: [3][170/200]	Time 0.411s (0.381s)	Speed 77.9 samples/s	Data 0.000s (0.012s)	Loss 0.04457 (0.03864)
2024-11-21 18:30:49,755 Epoch: [3][180/200]	Time 0.428s (0.380s)	Speed 74.8 samples/s	Data 0.000s (0.011s)	Loss 0.03568 (0.03833)
2024-11-21 18:30:53,241 Epoch: [3][190/200]	Time 0.353s (0.379s)	Speed 90.6 samples/s	Data 0.000s (0.010s)	Loss 0.02455 (0.03801)
2024-11-21 18:31:20,695 Test: [0/200]	Time 4.317 (4.317)	Loss 0.1145 (0.1145)
2024-11-21 18:31:20,901 Test: [10/200]	Time 0.017 (0.411)	Loss 0.0260 (0.0798)
2024-11-21 18:31:21,093 Test: [20/200]	Time 0.043 (0.225)	Loss 0.0616 (0.0842)
2024-11-21 18:31:21,247 Test: [30/200]	Time 0.015 (0.157)	Loss 0.1252 (0.0896)
2024-11-21 18:31:21,423 Test: [40/200]	Time 0.013 (0.123)	Loss 0.0734 (0.0943)
2024-11-21 18:31:21,607 Test: [50/200]	Time 0.016 (0.103)	Loss 0.1365 (0.0939)
2024-11-21 18:31:21,760 Test: [60/200]	Time 0.017 (0.088)	Loss 0.1047 (0.0954)
2024-11-21 18:31:21,933 Test: [70/200]	Time 0.017 (0.078)	Loss 0.1048 (0.0964)
2024-11-21 18:31:22,131 Test: [80/200]	Time 0.018 (0.071)	Loss 0.1104 (0.0945)
2024-11-21 18:31:22,307 Test: [90/200]	Time 0.017 (0.065)	Loss 0.1155 (0.0957)
2024-11-21 18:31:22,488 Test: [100/200]	Time 0.016 (0.060)	Loss 0.1159 (0.0951)
2024-11-21 18:31:22,676 Test: [110/200]	Time 0.018 (0.057)	Loss 0.1407 (0.0957)
2024-11-21 18:31:22,861 Test: [120/200]	Time 0.017 (0.054)	Loss 0.0941 (0.0947)
2024-11-21 18:31:23,049 Test: [130/200]	Time 0.014 (0.051)	Loss 0.0889 (0.0956)
2024-11-21 18:31:23,202 Test: [140/200]	Time 0.018 (0.048)	Loss 0.1160 (0.0954)
2024-11-21 18:31:23,366 Test: [150/200]	Time 0.018 (0.046)	Loss 0.0924 (0.0946)
2024-11-21 18:31:23,531 Test: [160/200]	Time 0.015 (0.044)	Loss 0.0985 (0.0945)
2024-11-21 18:31:23,700 Test: [170/200]	Time 0.020 (0.043)	Loss 0.0872 (0.0938)
2024-11-21 18:31:23,870 Test: [180/200]	Time 0.017 (0.041)	Loss 0.0712 (0.0931)
2024-11-21 18:31:24,021 Test: [190/200]	Time 0.014 (0.040)	Loss 0.0541 (0.0931)
2024-11-21 18:31:29,686 Mean IoU score: 0.786
2024-11-21 18:31:29,687 => saving checkpoint to out
2024-11-21 18:31:32,061 Epoch: [4][0/200]	Time 2.355s (2.355s)	Speed 13.6 samples/s	Data 1.991s (1.991s)	Loss 0.03566 (0.03566)
2024-11-21 18:31:35,610 Epoch: [4][10/200]	Time 0.343s (0.537s)	Speed 93.2 samples/s	Data 0.000s (0.181s)	Loss 0.02626 (0.03064)
2024-11-21 18:31:39,082 Epoch: [4][20/200]	Time 0.344s (0.446s)	Speed 93.1 samples/s	Data 0.000s (0.095s)	Loss 0.02523 (0.02929)
2024-11-21 18:31:42,755 Epoch: [4][30/200]	Time 0.362s (0.421s)	Speed 88.4 samples/s	Data 0.000s (0.065s)	Loss 0.02596 (0.02939)
2024-11-21 18:31:46,240 Epoch: [4][40/200]	Time 0.350s (0.403s)	Speed 91.4 samples/s	Data 0.000s (0.049s)	Loss 0.02683 (0.02955)
2024-11-21 18:31:49,805 Epoch: [4][50/200]	Time 0.422s (0.394s)	Speed 75.7 samples/s	Data 0.000s (0.039s)	Loss 0.02535 (0.02943)
2024-11-21 18:31:53,310 Epoch: [4][60/200]	Time 0.358s (0.387s)	Speed 89.3 samples/s	Data 0.000s (0.033s)	Loss 0.02031 (0.02888)
2024-11-21 18:31:56,749 Epoch: [4][70/200]	Time 0.350s (0.381s)	Speed 91.3 samples/s	Data 0.000s (0.028s)	Loss 0.02727 (0.02893)
2024-11-21 18:32:00,320 Epoch: [4][80/200]	Time 0.380s (0.378s)	Speed 84.3 samples/s	Data 0.000s (0.025s)	Loss 0.02804 (0.02870)
2024-11-21 18:32:04,293 Epoch: [4][90/200]	Time 0.420s (0.380s)	Speed 76.2 samples/s	Data 0.000s (0.022s)	Loss 0.02855 (0.02842)
2024-11-21 18:32:08,188 Epoch: [4][100/200]	Time 0.375s (0.381s)	Speed 85.4 samples/s	Data 0.000s (0.020s)	Loss 0.02943 (0.02834)
2024-11-21 18:32:11,883 Epoch: [4][110/200]	Time 0.348s (0.380s)	Speed 92.0 samples/s	Data 0.000s (0.018s)	Loss 0.02839 (0.02833)
2024-11-21 18:32:15,396 Epoch: [4][120/200]	Time 0.354s (0.378s)	Speed 90.5 samples/s	Data 0.000s (0.017s)	Loss 0.02789 (0.02808)
2024-11-21 18:32:19,006 Epoch: [4][130/200]	Time 0.358s (0.376s)	Speed 89.4 samples/s	Data 0.000s (0.016s)	Loss 0.02494 (0.02799)
2024-11-21 18:32:22,680 Epoch: [4][140/200]	Time 0.352s (0.376s)	Speed 90.9 samples/s	Data 0.000s (0.015s)	Loss 0.02750 (0.02803)
2024-11-21 18:32:26,195 Epoch: [4][150/200]	Time 0.339s (0.374s)	Speed 94.4 samples/s	Data 0.000s (0.014s)	Loss 0.02434 (0.02791)
2024-11-21 18:32:29,713 Epoch: [4][160/200]	Time 0.345s (0.373s)	Speed 92.8 samples/s	Data 0.000s (0.013s)	Loss 0.02274 (0.02761)
2024-11-21 18:32:33,441 Epoch: [4][170/200]	Time 0.343s (0.373s)	Speed 93.2 samples/s	Data 0.000s (0.012s)	Loss 0.02059 (0.02748)
2024-11-21 18:32:36,922 Epoch: [4][180/200]	Time 0.359s (0.371s)	Speed 89.2 samples/s	Data 0.000s (0.011s)	Loss 0.03589 (0.02744)
2024-11-21 18:32:40,543 Epoch: [4][190/200]	Time 0.461s (0.371s)	Speed 69.5 samples/s	Data 0.000s (0.011s)	Loss 0.02754 (0.02736)
2024-11-21 18:33:06,498 Test: [0/200]	Time 2.735 (2.735)	Loss 0.0945 (0.0945)
2024-11-21 18:33:06,710 Test: [10/200]	Time 0.019 (0.268)	Loss 0.0201 (0.0662)
2024-11-21 18:33:06,928 Test: [20/200]	Time 0.018 (0.151)	Loss 0.0631 (0.0709)
2024-11-21 18:33:07,120 Test: [30/200]	Time 0.015 (0.108)	Loss 0.1124 (0.0768)
2024-11-21 18:33:07,302 Test: [40/200]	Time 0.019 (0.086)	Loss 0.0573 (0.0800)
2024-11-21 18:33:07,485 Test: [50/200]	Time 0.013 (0.073)	Loss 0.0986 (0.0804)
2024-11-21 18:33:07,649 Test: [60/200]	Time 0.014 (0.064)	Loss 0.1106 (0.0825)
2024-11-21 18:33:07,825 Test: [70/200]	Time 0.019 (0.057)	Loss 0.0752 (0.0828)
2024-11-21 18:33:08,004 Test: [80/200]	Time 0.012 (0.052)	Loss 0.0787 (0.0810)
2024-11-21 18:33:08,192 Test: [90/200]	Time 0.014 (0.049)	Loss 0.1187 (0.0831)
2024-11-21 18:33:08,392 Test: [100/200]	Time 0.016 (0.046)	Loss 0.1402 (0.0825)
2024-11-21 18:33:08,563 Test: [110/200]	Time 0.014 (0.043)	Loss 0.1375 (0.0834)
2024-11-21 18:33:08,724 Test: [120/200]	Time 0.021 (0.041)	Loss 0.1091 (0.0822)
2024-11-21 18:33:08,893 Test: [130/200]	Time 0.015 (0.039)	Loss 0.0702 (0.0827)
2024-11-21 18:33:09,073 Test: [140/200]	Time 0.014 (0.038)	Loss 0.0916 (0.0822)
2024-11-21 18:33:09,230 Test: [150/200]	Time 0.016 (0.036)	Loss 0.0713 (0.0812)
2024-11-21 18:33:09,404 Test: [160/200]	Time 0.013 (0.035)	Loss 0.1062 (0.0813)
2024-11-21 18:33:09,598 Test: [170/200]	Time 0.018 (0.034)	Loss 0.0506 (0.0806)
2024-11-21 18:33:09,766 Test: [180/200]	Time 0.033 (0.033)	Loss 0.0564 (0.0798)
2024-11-21 18:33:09,921 Test: [190/200]	Time 0.014 (0.032)	Loss 0.0412 (0.0799)
2024-11-21 18:33:15,583 Mean IoU score: 0.809
2024-11-21 18:33:15,584 => saving checkpoint to out
2024-11-21 18:33:18,027 Epoch: [5][0/200]	Time 2.418s (2.418s)	Speed 13.2 samples/s	Data 2.001s (2.001s)	Loss 0.01746 (0.01746)
2024-11-21 18:33:21,935 Epoch: [5][10/200]	Time 0.391s (0.575s)	Speed 81.8 samples/s	Data 0.000s (0.182s)	Loss 0.01744 (0.02229)
2024-11-21 18:33:25,761 Epoch: [5][20/200]	Time 0.356s (0.483s)	Speed 89.9 samples/s	Data 0.000s (0.096s)	Loss 0.02372 (0.02306)
2024-11-21 18:33:29,365 Epoch: [5][30/200]	Time 0.371s (0.444s)	Speed 86.4 samples/s	Data 0.000s (0.065s)	Loss 0.03028 (0.02313)
2024-11-21 18:33:32,905 Epoch: [5][40/200]	Time 0.339s (0.422s)	Speed 94.4 samples/s	Data 0.000s (0.049s)	Loss 0.02028 (0.02303)
2024-11-21 18:33:36,526 Epoch: [5][50/200]	Time 0.379s (0.410s)	Speed 84.5 samples/s	Data 0.000s (0.040s)	Loss 0.02450 (0.02283)
2024-11-21 18:33:40,492 Epoch: [5][60/200]	Time 0.405s (0.408s)	Speed 79.1 samples/s	Data 0.000s (0.033s)	Loss 0.01766 (0.02241)
2024-11-21 18:33:44,530 Epoch: [5][70/200]	Time 0.431s (0.407s)	Speed 74.3 samples/s	Data 0.000s (0.029s)	Loss 0.01956 (0.02216)
2024-11-21 18:33:48,857 Epoch: [5][80/200]	Time 0.453s (0.410s)	Speed 70.6 samples/s	Data 0.000s (0.025s)	Loss 0.02005 (0.02193)
2024-11-21 18:33:53,092 Epoch: [5][90/200]	Time 0.449s (0.412s)	Speed 71.2 samples/s	Data 0.000s (0.022s)	Loss 0.01580 (0.02186)
2024-11-21 18:33:57,321 Epoch: [5][100/200]	Time 0.434s (0.413s)	Speed 73.8 samples/s	Data 0.000s (0.020s)	Loss 0.02315 (0.02179)
2024-11-21 18:34:01,496 Epoch: [5][110/200]	Time 0.419s (0.413s)	Speed 76.4 samples/s	Data 0.001s (0.018s)	Loss 0.02402 (0.02179)
2024-11-21 18:34:05,880 Epoch: [5][120/200]	Time 0.559s (0.415s)	Speed 57.3 samples/s	Data 0.000s (0.017s)	Loss 0.02316 (0.02164)
2024-11-21 18:34:10,261 Epoch: [5][130/200]	Time 0.436s (0.417s)	Speed 73.4 samples/s	Data 0.000s (0.016s)	Loss 0.02373 (0.02174)
2024-11-21 18:34:14,744 Epoch: [5][140/200]	Time 0.462s (0.419s)	Speed 69.2 samples/s	Data 0.000s (0.015s)	Loss 0.02383 (0.02182)
2024-11-21 18:34:18,652 Epoch: [5][150/200]	Time 0.344s (0.418s)	Speed 93.0 samples/s	Data 0.000s (0.014s)	Loss 0.02401 (0.02178)
2024-11-21 18:34:22,432 Epoch: [5][160/200]	Time 0.392s (0.415s)	Speed 81.6 samples/s	Data 0.000s (0.013s)	Loss 0.02212 (0.02165)
2024-11-21 18:34:26,022 Epoch: [5][170/200]	Time 0.336s (0.412s)	Speed 95.3 samples/s	Data 0.000s (0.012s)	Loss 0.01925 (0.02160)
2024-11-21 18:34:29,494 Epoch: [5][180/200]	Time 0.338s (0.408s)	Speed 94.6 samples/s	Data 0.000s (0.011s)	Loss 0.02011 (0.02169)
2024-11-21 18:34:33,334 Epoch: [5][190/200]	Time 0.354s (0.407s)	Speed 90.5 samples/s	Data 0.000s (0.011s)	Loss 0.01745 (0.02164)
2024-11-21 18:35:01,004 Test: [0/200]	Time 4.515 (4.515)	Loss 0.0924 (0.0924)
2024-11-21 18:35:01,182 Test: [10/200]	Time 0.017 (0.427)	Loss 0.0192 (0.0649)
2024-11-21 18:35:01,347 Test: [20/200]	Time 0.015 (0.231)	Loss 0.0598 (0.0647)
2024-11-21 18:35:01,527 Test: [30/200]	Time 0.018 (0.163)	Loss 0.0984 (0.0716)
2024-11-21 18:35:01,712 Test: [40/200]	Time 0.020 (0.127)	Loss 0.0692 (0.0736)
2024-11-21 18:35:01,899 Test: [50/200]	Time 0.017 (0.106)	Loss 0.0993 (0.0738)
2024-11-21 18:35:02,084 Test: [60/200]	Time 0.019 (0.092)	Loss 0.1021 (0.0756)
2024-11-21 18:35:02,261 Test: [70/200]	Time 0.018 (0.081)	Loss 0.0714 (0.0756)
2024-11-21 18:35:02,466 Test: [80/200]	Time 0.035 (0.074)	Loss 0.0772 (0.0739)
2024-11-21 18:35:02,742 Test: [90/200]	Time 0.018 (0.069)	Loss 0.1003 (0.0755)
2024-11-21 18:35:02,917 Test: [100/200]	Time 0.017 (0.064)	Loss 0.1218 (0.0754)
2024-11-21 18:35:03,093 Test: [110/200]	Time 0.017 (0.059)	Loss 0.1184 (0.0760)
2024-11-21 18:35:03,281 Test: [120/200]	Time 0.019 (0.056)	Loss 0.0974 (0.0747)
2024-11-21 18:35:03,472 Test: [130/200]	Time 0.022 (0.053)	Loss 0.0684 (0.0752)
2024-11-21 18:35:03,635 Test: [140/200]	Time 0.017 (0.051)	Loss 0.0870 (0.0751)
2024-11-21 18:35:03,801 Test: [150/200]	Time 0.015 (0.048)	Loss 0.0665 (0.0739)
2024-11-21 18:35:03,964 Test: [160/200]	Time 0.018 (0.046)	Loss 0.0922 (0.0740)
2024-11-21 18:35:04,157 Test: [170/200]	Time 0.019 (0.045)	Loss 0.0629 (0.0734)
2024-11-21 18:35:04,320 Test: [180/200]	Time 0.017 (0.043)	Loss 0.0589 (0.0728)
2024-11-21 18:35:04,511 Test: [190/200]	Time 0.019 (0.042)	Loss 0.0399 (0.0726)
2024-11-21 18:35:10,162 Mean IoU score: 0.825
2024-11-21 18:35:10,163 => saving checkpoint to out
2024-11-21 18:35:12,891 Epoch: [6][0/200]	Time 2.707s (2.707s)	Speed 11.8 samples/s	Data 2.325s (2.325s)	Loss 0.01784 (0.01784)
2024-11-21 18:35:16,371 Epoch: [6][10/200]	Time 0.335s (0.562s)	Speed 95.4 samples/s	Data 0.000s (0.212s)	Loss 0.02145 (0.01749)
2024-11-21 18:35:19,912 Epoch: [6][20/200]	Time 0.336s (0.463s)	Speed 95.2 samples/s	Data 0.000s (0.111s)	Loss 0.01650 (0.01842)
2024-11-21 18:35:23,616 Epoch: [6][30/200]	Time 0.341s (0.433s)	Speed 93.8 samples/s	Data 0.000s (0.075s)	Loss 0.01756 (0.01837)
2024-11-21 18:35:27,321 Epoch: [6][40/200]	Time 0.363s (0.418s)	Speed 88.2 samples/s	Data 0.000s (0.057s)	Loss 0.01844 (0.01822)
2024-11-21 18:35:30,802 Epoch: [6][50/200]	Time 0.346s (0.404s)	Speed 92.4 samples/s	Data 0.000s (0.046s)	Loss 0.01657 (0.01815)
2024-11-21 18:35:34,508 Epoch: [6][60/200]	Time 0.348s (0.399s)	Speed 91.9 samples/s	Data 0.000s (0.039s)	Loss 0.01471 (0.01785)
2024-11-21 18:35:38,348 Epoch: [6][70/200]	Time 0.341s (0.397s)	Speed 93.9 samples/s	Data 0.000s (0.033s)	Loss 0.01497 (0.01758)
2024-11-21 18:35:42,415 Epoch: [6][80/200]	Time 0.422s (0.398s)	Speed 75.9 samples/s	Data 0.000s (0.029s)	Loss 0.01502 (0.01748)
2024-11-21 18:35:46,130 Epoch: [6][90/200]	Time 0.352s (0.395s)	Speed 90.9 samples/s	Data 0.000s (0.026s)	Loss 0.01737 (0.01742)
2024-11-21 18:35:49,660 Epoch: [6][100/200]	Time 0.349s (0.391s)	Speed 91.6 samples/s	Data 0.000s (0.023s)	Loss 0.01655 (0.01740)
2024-11-21 18:35:53,429 Epoch: [6][110/200]	Time 0.363s (0.390s)	Speed 88.1 samples/s	Data 0.001s (0.021s)	Loss 0.01491 (0.01732)
2024-11-21 18:35:56,996 Epoch: [6][120/200]	Time 0.354s (0.387s)	Speed 90.4 samples/s	Data 0.000s (0.020s)	Loss 0.01757 (0.01727)
2024-11-21 18:36:00,698 Epoch: [6][130/200]	Time 0.374s (0.386s)	Speed 85.6 samples/s	Data 0.000s (0.018s)	Loss 0.01243 (0.01714)
2024-11-21 18:36:04,481 Epoch: [6][140/200]	Time 0.368s (0.385s)	Speed 87.1 samples/s	Data 0.000s (0.017s)	Loss 0.01422 (0.01707)
2024-11-21 18:36:08,420 Epoch: [6][150/200]	Time 0.415s (0.386s)	Speed 77.2 samples/s	Data 0.000s (0.016s)	Loss 0.01715 (0.01704)
2024-11-21 18:36:13,153 Epoch: [6][160/200]	Time 0.433s (0.391s)	Speed 73.9 samples/s	Data 0.001s (0.015s)	Loss 0.01972 (0.01707)
2024-11-21 18:36:17,468 Epoch: [6][170/200]	Time 0.422s (0.393s)	Speed 75.8 samples/s	Data 0.000s (0.014s)	Loss 0.01731 (0.01698)
2024-11-21 18:36:21,742 Epoch: [6][180/200]	Time 0.410s (0.395s)	Speed 78.1 samples/s	Data 0.000s (0.013s)	Loss 0.01192 (0.01699)
2024-11-21 18:36:25,921 Epoch: [6][190/200]	Time 0.389s (0.397s)	Speed 82.2 samples/s	Data 0.000s (0.013s)	Loss 0.01701 (0.01695)
2024-11-21 18:36:54,700 Test: [0/200]	Time 4.839 (4.839)	Loss 0.0891 (0.0891)
2024-11-21 18:36:54,985 Test: [10/200]	Time 0.072 (0.466)	Loss 0.0130 (0.0557)
2024-11-21 18:36:55,190 Test: [20/200]	Time 0.019 (0.254)	Loss 0.0428 (0.0568)
2024-11-21 18:36:55,473 Test: [30/200]	Time 0.058 (0.181)	Loss 0.0879 (0.0617)
2024-11-21 18:36:55,691 Test: [40/200]	Time 0.015 (0.142)	Loss 0.0447 (0.0634)
2024-11-21 18:36:55,862 Test: [50/200]	Time 0.017 (0.118)	Loss 0.0951 (0.0640)
2024-11-21 18:36:56,044 Test: [60/200]	Time 0.016 (0.101)	Loss 0.0839 (0.0655)
2024-11-21 18:36:56,195 Test: [70/200]	Time 0.016 (0.089)	Loss 0.0521 (0.0654)
2024-11-21 18:36:56,460 Test: [80/200]	Time 0.016 (0.081)	Loss 0.0875 (0.0641)
2024-11-21 18:36:57,099 Test: [90/200]	Time 0.018 (0.080)	Loss 0.0737 (0.0656)
2024-11-21 18:36:57,279 Test: [100/200]	Time 0.015 (0.073)	Loss 0.0892 (0.0651)
2024-11-21 18:36:57,468 Test: [110/200]	Time 0.017 (0.069)	Loss 0.1171 (0.0653)
2024-11-21 18:36:57,712 Test: [120/200]	Time 0.087 (0.065)	Loss 0.0715 (0.0645)
2024-11-21 18:36:58,374 Test: [130/200]	Time 0.069 (0.065)	Loss 0.0511 (0.0650)
2024-11-21 18:36:58,908 Test: [140/200]	Time 0.015 (0.064)	Loss 0.0673 (0.0648)
2024-11-21 18:36:59,157 Test: [150/200]	Time 0.046 (0.062)	Loss 0.0579 (0.0640)
2024-11-21 18:36:59,572 Test: [160/200]	Time 0.014 (0.060)	Loss 0.0943 (0.0643)
2024-11-21 18:36:59,899 Test: [170/200]	Time 0.027 (0.059)	Loss 0.0523 (0.0638)
2024-11-21 18:37:00,269 Test: [180/200]	Time 0.015 (0.057)	Loss 0.0480 (0.0634)
2024-11-21 18:37:00,704 Test: [190/200]	Time 0.081 (0.057)	Loss 0.0354 (0.0632)
2024-11-21 18:37:06,566 Mean IoU score: 0.847
2024-11-21 18:37:06,567 => saving checkpoint to out
2024-11-21 18:37:08,993 Epoch: [7][0/200]	Time 2.401s (2.401s)	Speed 13.3 samples/s	Data 1.971s (1.971s)	Loss 0.01526 (0.01526)
2024-11-21 18:37:13,053 Epoch: [7][10/200]	Time 0.398s (0.587s)	Speed 80.5 samples/s	Data 0.000s (0.180s)	Loss 0.01430 (0.01552)
2024-11-21 18:37:17,144 Epoch: [7][20/200]	Time 0.401s (0.502s)	Speed 79.8 samples/s	Data 0.000s (0.094s)	Loss 0.01755 (0.01549)
2024-11-21 18:37:21,186 Epoch: [7][30/200]	Time 0.405s (0.471s)	Speed 79.0 samples/s	Data 0.000s (0.064s)	Loss 0.01685 (0.01517)
2024-11-21 18:37:25,488 Epoch: [7][40/200]	Time 0.411s (0.461s)	Speed 77.8 samples/s	Data 0.000s (0.049s)	Loss 0.01167 (0.01508)
2024-11-21 18:37:29,519 Epoch: [7][50/200]	Time 0.393s (0.450s)	Speed 81.5 samples/s	Data 0.000s (0.039s)	Loss 0.01479 (0.01487)
2024-11-21 18:37:33,449 Epoch: [7][60/200]	Time 0.374s (0.440s)	Speed 85.5 samples/s	Data 0.000s (0.033s)	Loss 0.01434 (0.01476)
2024-11-21 18:37:37,506 Epoch: [7][70/200]	Time 0.396s (0.435s)	Speed 80.8 samples/s	Data 0.000s (0.028s)	Loss 0.01163 (0.01458)
2024-11-21 18:37:41,347 Epoch: [7][80/200]	Time 0.410s (0.429s)	Speed 78.0 samples/s	Data 0.000s (0.025s)	Loss 0.01248 (0.01455)
2024-11-21 18:37:45,317 Epoch: [7][90/200]	Time 0.443s (0.426s)	Speed 72.2 samples/s	Data 0.000s (0.022s)	Loss 0.01581 (0.01440)
2024-11-21 18:37:49,265 Epoch: [7][100/200]	Time 0.414s (0.423s)	Speed 77.3 samples/s	Data 0.000s (0.020s)	Loss 0.01641 (0.01446)
2024-11-21 18:37:52,909 Epoch: [7][110/200]	Time 0.358s (0.417s)	Speed 89.3 samples/s	Data 0.000s (0.018s)	Loss 0.01100 (0.01441)
2024-11-21 18:37:56,864 Epoch: [7][120/200]	Time 0.384s (0.415s)	Speed 83.3 samples/s	Data 0.000s (0.017s)	Loss 0.01364 (0.01449)
2024-11-21 18:38:00,810 Epoch: [7][130/200]	Time 0.418s (0.414s)	Speed 76.5 samples/s	Data 0.000s (0.015s)	Loss 0.01259 (0.01447)
2024-11-21 18:38:04,734 Epoch: [7][140/200]	Time 0.380s (0.412s)	Speed 84.3 samples/s	Data 0.000s (0.014s)	Loss 0.01693 (0.01443)
2024-11-21 18:38:08,583 Epoch: [7][150/200]	Time 0.406s (0.411s)	Speed 78.9 samples/s	Data 0.000s (0.014s)	Loss 0.01182 (0.01440)
2024-11-21 18:38:12,385 Epoch: [7][160/200]	Time 0.391s (0.409s)	Speed 81.9 samples/s	Data 0.000s (0.013s)	Loss 0.01723 (0.01440)
2024-11-21 18:38:16,329 Epoch: [7][170/200]	Time 0.353s (0.408s)	Speed 90.5 samples/s	Data 0.000s (0.012s)	Loss 0.01571 (0.01444)
2024-11-21 18:38:19,930 Epoch: [7][180/200]	Time 0.335s (0.405s)	Speed 95.5 samples/s	Data 0.000s (0.011s)	Loss 0.01328 (0.01443)
2024-11-21 18:38:23,739 Epoch: [7][190/200]	Time 0.376s (0.404s)	Speed 85.2 samples/s	Data 0.000s (0.011s)	Loss 0.01339 (0.01446)
2024-11-21 18:38:50,276 Test: [0/200]	Time 3.189 (3.189)	Loss 0.0672 (0.0672)
2024-11-21 18:38:50,450 Test: [10/200]	Time 0.017 (0.306)	Loss 0.0141 (0.0540)
2024-11-21 18:38:50,618 Test: [20/200]	Time 0.014 (0.168)	Loss 0.0360 (0.0570)
2024-11-21 18:38:50,780 Test: [30/200]	Time 0.018 (0.119)	Loss 0.0920 (0.0631)
2024-11-21 18:38:50,991 Test: [40/200]	Time 0.018 (0.095)	Loss 0.0466 (0.0648)
2024-11-21 18:38:51,156 Test: [50/200]	Time 0.016 (0.080)	Loss 0.1042 (0.0651)
2024-11-21 18:38:51,339 Test: [60/200]	Time 0.015 (0.070)	Loss 0.1009 (0.0669)
2024-11-21 18:38:51,558 Test: [70/200]	Time 0.017 (0.063)	Loss 0.0586 (0.0679)
2024-11-21 18:38:51,738 Test: [80/200]	Time 0.016 (0.057)	Loss 0.0662 (0.0658)
2024-11-21 18:38:51,948 Test: [90/200]	Time 0.017 (0.053)	Loss 0.0708 (0.0671)
2024-11-21 18:38:52,128 Test: [100/200]	Time 0.024 (0.050)	Loss 0.1095 (0.0666)
2024-11-21 18:38:52,403 Test: [110/200]	Time 0.016 (0.048)	Loss 0.1215 (0.0668)
2024-11-21 18:38:52,569 Test: [120/200]	Time 0.017 (0.045)	Loss 0.0893 (0.0661)
2024-11-21 18:38:52,780 Test: [130/200]	Time 0.021 (0.043)	Loss 0.0521 (0.0663)
2024-11-21 18:38:53,170 Test: [140/200]	Time 0.017 (0.043)	Loss 0.0719 (0.0660)
2024-11-21 18:38:53,680 Test: [150/200]	Time 0.076 (0.044)	Loss 0.0556 (0.0651)
2024-11-21 18:38:54,333 Test: [160/200]	Time 0.015 (0.045)	Loss 0.0893 (0.0653)
2024-11-21 18:38:55,160 Test: [170/200]	Time 0.128 (0.047)	Loss 0.0482 (0.0648)
2024-11-21 18:38:55,373 Test: [180/200]	Time 0.017 (0.046)	Loss 0.0395 (0.0644)
2024-11-21 18:38:55,559 Test: [190/200]	Time 0.018 (0.044)	Loss 0.0303 (0.0644)
2024-11-21 18:39:01,708 Mean IoU score: 0.846
2024-11-21 18:39:01,710 => saving checkpoint to out
2024-11-21 18:39:03,999 Epoch: [8][0/200]	Time 2.273s (2.273s)	Speed 14.1 samples/s	Data 1.901s (1.901s)	Loss 0.01255 (0.01255)
2024-11-21 18:39:07,634 Epoch: [8][10/200]	Time 0.342s (0.537s)	Speed 93.6 samples/s	Data 0.000s (0.173s)	Loss 0.01117 (0.01279)
2024-11-21 18:39:11,197 Epoch: [8][20/200]	Time 0.385s (0.451s)	Speed 83.1 samples/s	Data 0.000s (0.091s)	Loss 0.01272 (0.01315)
2024-11-21 18:39:15,227 Epoch: [8][30/200]	Time 0.397s (0.436s)	Speed 80.7 samples/s	Data 0.000s (0.062s)	Loss 0.01239 (0.01310)
2024-11-21 18:39:19,311 Epoch: [8][40/200]	Time 0.384s (0.429s)	Speed 83.4 samples/s	Data 0.000s (0.047s)	Loss 0.01029 (0.01295)
2024-11-21 18:39:23,664 Epoch: [8][50/200]	Time 0.403s (0.430s)	Speed 79.3 samples/s	Data 0.000s (0.038s)	Loss 0.01336 (0.01311)
2024-11-21 18:39:27,710 Epoch: [8][60/200]	Time 0.413s (0.426s)	Speed 77.4 samples/s	Data 0.000s (0.032s)	Loss 0.01474 (0.01305)
2024-11-21 18:39:31,869 Epoch: [8][70/200]	Time 0.447s (0.425s)	Speed 71.5 samples/s	Data 0.000s (0.027s)	Loss 0.01318 (0.01295)
2024-11-21 18:39:35,975 Epoch: [8][80/200]	Time 0.421s (0.423s)	Speed 76.1 samples/s	Data 0.000s (0.024s)	Loss 0.00969 (0.01286)
2024-11-21 18:39:39,954 Epoch: [8][90/200]	Time 0.434s (0.420s)	Speed 73.7 samples/s	Data 0.000s (0.021s)	Loss 0.01003 (0.01272)
2024-11-21 18:39:44,007 Epoch: [8][100/200]	Time 0.399s (0.419s)	Speed 80.2 samples/s	Data 0.000s (0.019s)	Loss 0.01300 (0.01273)
2024-11-21 18:39:47,944 Epoch: [8][110/200]	Time 0.348s (0.416s)	Speed 91.8 samples/s	Data 0.000s (0.018s)	Loss 0.01531 (0.01275)
2024-11-21 18:39:51,782 Epoch: [8][120/200]	Time 0.387s (0.414s)	Speed 82.6 samples/s	Data 0.000s (0.016s)	Loss 0.01259 (0.01282)
2024-11-21 18:39:55,555 Epoch: [8][130/200]	Time 0.370s (0.411s)	Speed 86.5 samples/s	Data 0.000s (0.015s)	Loss 0.00980 (0.01281)
2024-11-21 18:39:59,679 Epoch: [8][140/200]	Time 0.391s (0.411s)	Speed 81.8 samples/s	Data 0.000s (0.014s)	Loss 0.01494 (0.01285)
2024-11-21 18:40:03,708 Epoch: [8][150/200]	Time 0.405s (0.410s)	Speed 79.1 samples/s	Data 0.000s (0.013s)	Loss 0.01186 (0.01280)
2024-11-21 18:40:07,657 Epoch: [8][160/200]	Time 0.393s (0.410s)	Speed 81.4 samples/s	Data 0.000s (0.012s)	Loss 0.01398 (0.01281)
2024-11-21 18:40:11,660 Epoch: [8][170/200]	Time 0.407s (0.409s)	Speed 78.7 samples/s	Data 0.000s (0.012s)	Loss 0.01184 (0.01281)
2024-11-21 18:40:15,758 Epoch: [8][180/200]	Time 0.400s (0.409s)	Speed 80.0 samples/s	Data 0.000s (0.011s)	Loss 0.01392 (0.01280)
2024-11-21 18:40:19,851 Epoch: [8][190/200]	Time 0.408s (0.409s)	Speed 78.4 samples/s	Data 0.000s (0.010s)	Loss 0.01297 (0.01274)
2024-11-21 18:40:47,724 Test: [0/200]	Time 4.278 (4.278)	Loss 0.0702 (0.0702)
2024-11-21 18:40:47,965 Test: [10/200]	Time 0.021 (0.411)	Loss 0.0145 (0.0500)
2024-11-21 18:40:48,195 Test: [20/200]	Time 0.031 (0.226)	Loss 0.0325 (0.0507)
2024-11-21 18:40:48,444 Test: [30/200]	Time 0.015 (0.161)	Loss 0.0806 (0.0565)
2024-11-21 18:40:48,617 Test: [40/200]	Time 0.019 (0.126)	Loss 0.0595 (0.0589)
2024-11-21 18:40:48,827 Test: [50/200]	Time 0.036 (0.106)	Loss 0.0908 (0.0597)
2024-11-21 18:40:49,002 Test: [60/200]	Time 0.020 (0.091)	Loss 0.0883 (0.0607)
2024-11-21 18:40:49,176 Test: [70/200]	Time 0.014 (0.081)	Loss 0.0466 (0.0609)
2024-11-21 18:40:49,525 Test: [80/200]	Time 0.045 (0.075)	Loss 0.0558 (0.0593)
2024-11-21 18:40:49,712 Test: [90/200]	Time 0.018 (0.069)	Loss 0.0844 (0.0611)
2024-11-21 18:40:49,889 Test: [100/200]	Time 0.015 (0.064)	Loss 0.0926 (0.0605)
2024-11-21 18:40:50,063 Test: [110/200]	Time 0.020 (0.060)	Loss 0.1267 (0.0613)
2024-11-21 18:40:50,254 Test: [120/200]	Time 0.019 (0.056)	Loss 0.0809 (0.0604)
2024-11-21 18:40:50,421 Test: [130/200]	Time 0.015 (0.053)	Loss 0.0440 (0.0607)
2024-11-21 18:40:50,592 Test: [140/200]	Time 0.018 (0.051)	Loss 0.0677 (0.0606)
2024-11-21 18:40:50,749 Test: [150/200]	Time 0.014 (0.048)	Loss 0.0512 (0.0596)
2024-11-21 18:40:50,902 Test: [160/200]	Time 0.016 (0.046)	Loss 0.0883 (0.0598)
2024-11-21 18:40:51,067 Test: [170/200]	Time 0.016 (0.045)	Loss 0.0520 (0.0595)
2024-11-21 18:40:51,228 Test: [180/200]	Time 0.016 (0.043)	Loss 0.0396 (0.0590)
2024-11-21 18:40:51,394 Test: [190/200]	Time 0.018 (0.042)	Loss 0.0293 (0.0589)
2024-11-21 18:43:05,952 Mean IoU score: 0.857
2024-11-21 18:43:05,953 => saving checkpoint to out
2024-11-21 18:43:08,196 Epoch: [9][0/200]	Time 2.222s (2.222s)	Speed 14.4 samples/s	Data 1.805s (1.805s)	Loss 0.01245 (0.01245)
2024-11-21 18:43:12,411 Epoch: [9][10/200]	Time 0.393s (0.585s)	Speed 81.5 samples/s	Data 0.000s (0.164s)	Loss 0.01089 (0.01159)
2024-11-21 18:43:16,450 Epoch: [9][20/200]	Time 0.392s (0.499s)	Speed 81.6 samples/s	Data 0.000s (0.086s)	Loss 0.01696 (0.01187)
2024-11-21 18:43:20,428 Epoch: [9][30/200]	Time 0.395s (0.466s)	Speed 81.1 samples/s	Data 0.000s (0.059s)	Loss 0.01078 (0.01190)
2024-11-21 18:43:24,391 Epoch: [9][40/200]	Time 0.401s (0.449s)	Speed 79.8 samples/s	Data 0.000s (0.044s)	Loss 0.01195 (0.01200)
2024-11-21 18:43:28,496 Epoch: [9][50/200]	Time 0.423s (0.442s)	Speed 75.6 samples/s	Data 0.000s (0.036s)	Loss 0.00827 (0.01182)
2024-11-21 18:43:32,476 Epoch: [9][60/200]	Time 0.402s (0.434s)	Speed 79.6 samples/s	Data 0.000s (0.030s)	Loss 0.01198 (0.01168)
2024-11-21 18:43:36,483 Epoch: [9][70/200]	Time 0.398s (0.430s)	Speed 80.4 samples/s	Data 0.000s (0.026s)	Loss 0.01074 (0.01169)
2024-11-21 18:43:40,487 Epoch: [9][80/200]	Time 0.374s (0.426s)	Speed 85.5 samples/s	Data 0.000s (0.023s)	Loss 0.00898 (0.01171)
2024-11-21 18:43:44,444 Epoch: [9][90/200]	Time 0.401s (0.423s)	Speed 79.7 samples/s	Data 0.000s (0.020s)	Loss 0.01297 (0.01165)
2024-11-21 18:43:48,402 Epoch: [9][100/200]	Time 0.384s (0.420s)	Speed 83.4 samples/s	Data 0.000s (0.018s)	Loss 0.01657 (0.01170)
2024-11-21 18:48:29,387 Epoch: [9][110/200]	Time 0.453s (2.914s)	Speed 70.7 samples/s	Data 0.001s (0.017s)	Loss 0.01210 (0.01167)
2024-11-21 18:48:34,107 Epoch: [9][120/200]	Time 0.371s (2.712s)	Speed 86.2 samples/s	Data 0.000s (0.015s)	Loss 0.01090 (0.01159)
2024-11-21 18:48:38,813 Epoch: [9][130/200]	Time 0.507s (2.541s)	Speed 63.1 samples/s	Data 0.000s (0.014s)	Loss 0.00848 (0.01161)
2024-11-21 18:48:43,378 Epoch: [9][140/200]	Time 0.417s (2.393s)	Speed 76.7 samples/s	Data 0.000s (0.013s)	Loss 0.01128 (0.01161)
2024-11-21 18:48:47,594 Epoch: [9][150/200]	Time 0.448s (2.262s)	Speed 71.4 samples/s	Data 0.000s (0.012s)	Loss 0.00966 (0.01160)
2024-11-21 18:48:51,467 Epoch: [9][160/200]	Time 0.402s (2.146s)	Speed 79.6 samples/s	Data 0.000s (0.012s)	Loss 0.01201 (0.01159)
2024-11-21 18:48:55,339 Epoch: [9][170/200]	Time 0.392s (2.043s)	Speed 81.5 samples/s	Data 0.000s (0.011s)	Loss 0.01157 (0.01154)
2024-11-21 18:48:59,257 Epoch: [9][180/200]	Time 0.378s (1.952s)	Speed 84.7 samples/s	Data 0.000s (0.010s)	Loss 0.01014 (0.01151)
2024-11-21 18:49:03,190 Epoch: [9][190/200]	Time 0.402s (1.870s)	Speed 79.6 samples/s	Data 0.000s (0.010s)	Loss 0.00847 (0.01147)
2024-11-21 18:49:28,963 Test: [0/200]	Time 2.235 (2.235)	Loss 0.0888 (0.0888)
2024-11-21 18:49:29,181 Test: [10/200]	Time 0.018 (0.223)	Loss 0.0161 (0.0507)
2024-11-21 18:49:29,370 Test: [20/200]	Time 0.026 (0.126)	Loss 0.0279 (0.0503)
2024-11-21 18:49:29,551 Test: [30/200]	Time 0.019 (0.091)	Loss 0.0882 (0.0566)
2024-11-21 18:49:29,741 Test: [40/200]	Time 0.017 (0.073)	Loss 0.0454 (0.0590)
2024-11-21 18:49:29,912 Test: [50/200]	Time 0.019 (0.062)	Loss 0.0985 (0.0594)
2024-11-21 18:49:30,083 Test: [60/200]	Time 0.017 (0.055)	Loss 0.0790 (0.0607)
2024-11-21 18:49:30,268 Test: [70/200]	Time 0.019 (0.050)	Loss 0.0506 (0.0607)
2024-11-21 18:49:30,441 Test: [80/200]	Time 0.016 (0.046)	Loss 0.0678 (0.0589)
2024-11-21 18:49:30,627 Test: [90/200]	Time 0.028 (0.043)	Loss 0.0677 (0.0604)
2024-11-21 18:49:30,801 Test: [100/200]	Time 0.024 (0.040)	Loss 0.0795 (0.0599)
2024-11-21 18:49:30,981 Test: [110/200]	Time 0.019 (0.038)	Loss 0.1273 (0.0606)
2024-11-21 18:49:31,167 Test: [120/200]	Time 0.017 (0.037)	Loss 0.0749 (0.0599)
2024-11-21 18:49:31,339 Test: [130/200]	Time 0.017 (0.035)	Loss 0.0455 (0.0604)
2024-11-21 18:49:31,517 Test: [140/200]	Time 0.017 (0.034)	Loss 0.0715 (0.0602)
2024-11-21 18:49:31,706 Test: [150/200]	Time 0.019 (0.033)	Loss 0.0488 (0.0592)
2024-11-21 18:49:31,883 Test: [160/200]	Time 0.017 (0.032)	Loss 0.0845 (0.0595)
2024-11-21 18:49:32,052 Test: [170/200]	Time 0.015 (0.031)	Loss 0.0415 (0.0593)
2024-11-21 18:49:32,224 Test: [180/200]	Time 0.017 (0.030)	Loss 0.0351 (0.0587)
2024-11-21 18:49:32,404 Test: [190/200]	Time 0.017 (0.030)	Loss 0.0280 (0.0588)
2024-11-21 18:49:38,049 Mean IoU score: 0.856
2024-11-21 18:49:38,050 => saving checkpoint to out
2024-11-21 18:49:40,531 Epoch: [10][0/200]	Time 2.466s (2.466s)	Speed 13.0 samples/s	Data 2.039s (2.039s)	Loss 0.00861 (0.00861)
2024-11-21 18:49:44,553 Epoch: [10][10/200]	Time 0.420s (0.590s)	Speed 76.3 samples/s	Data 0.000s (0.186s)	Loss 0.00863 (0.01003)
2024-11-21 18:49:48,532 Epoch: [10][20/200]	Time 0.409s (0.498s)	Speed 78.2 samples/s	Data 0.000s (0.097s)	Loss 0.01017 (0.00979)
2024-11-21 18:49:52,518 Epoch: [10][30/200]	Time 0.386s (0.466s)	Speed 82.8 samples/s	Data 0.000s (0.066s)	Loss 0.01089 (0.01002)
2024-11-21 18:49:56,556 Epoch: [10][40/200]	Time 0.386s (0.451s)	Speed 83.0 samples/s	Data 0.000s (0.050s)	Loss 0.00915 (0.01028)
2024-11-21 18:50:00,516 Epoch: [10][50/200]	Time 0.408s (0.440s)	Speed 78.4 samples/s	Data 0.000s (0.040s)	Loss 0.01390 (0.01038)
2024-11-21 18:50:04,486 Epoch: [10][60/200]	Time 0.390s (0.433s)	Speed 82.1 samples/s	Data 0.000s (0.034s)	Loss 0.01473 (0.01049)
2024-11-21 18:50:08,509 Epoch: [10][70/200]	Time 0.426s (0.429s)	Speed 75.2 samples/s	Data 0.001s (0.029s)	Loss 0.00953 (0.01048)
2024-11-21 18:50:12,523 Epoch: [10][80/200]	Time 0.439s (0.425s)	Speed 72.9 samples/s	Data 0.000s (0.026s)	Loss 0.01124 (0.01046)
2024-11-21 18:50:16,726 Epoch: [10][90/200]	Time 0.419s (0.425s)	Speed 76.5 samples/s	Data 0.000s (0.023s)	Loss 0.00861 (0.01043)
2024-11-21 18:50:20,834 Epoch: [10][100/200]	Time 0.398s (0.423s)	Speed 80.4 samples/s	Data 0.000s (0.021s)	Loss 0.00919 (0.01048)
2024-11-21 18:50:24,853 Epoch: [10][110/200]	Time 0.404s (0.422s)	Speed 79.3 samples/s	Data 0.000s (0.019s)	Loss 0.00900 (0.01047)
2024-11-21 18:50:28,821 Epoch: [10][120/200]	Time 0.408s (0.419s)	Speed 78.5 samples/s	Data 0.000s (0.017s)	Loss 0.01156 (0.01056)
2024-11-21 18:50:32,806 Epoch: [10][130/200]	Time 0.392s (0.418s)	Speed 81.7 samples/s	Data 0.000s (0.016s)	Loss 0.01077 (0.01060)
2024-11-21 18:50:36,675 Epoch: [10][140/200]	Time 0.379s (0.416s)	Speed 84.5 samples/s	Data 0.000s (0.015s)	Loss 0.01002 (0.01062)
2024-11-21 18:50:40,637 Epoch: [10][150/200]	Time 0.392s (0.414s)	Speed 81.6 samples/s	Data 0.000s (0.014s)	Loss 0.01061 (0.01061)
2024-11-21 18:50:44,646 Epoch: [10][160/200]	Time 0.414s (0.414s)	Speed 77.3 samples/s	Data 0.000s (0.013s)	Loss 0.00889 (0.01062)
2024-11-21 18:50:48,311 Epoch: [10][170/200]	Time 0.345s (0.411s)	Speed 92.7 samples/s	Data 0.000s (0.012s)	Loss 0.01282 (0.01063)
2024-11-21 18:50:51,778 Epoch: [10][180/200]	Time 0.341s (0.407s)	Speed 93.9 samples/s	Data 0.000s (0.012s)	Loss 0.01005 (0.01060)
2024-11-21 18:50:55,657 Epoch: [10][190/200]	Time 0.353s (0.406s)	Speed 90.8 samples/s	Data 0.000s (0.011s)	Loss 0.01127 (0.01060)
2024-11-21 18:51:22,864 Test: [0/200]	Time 3.840 (3.840)	Loss 0.0696 (0.0696)
2024-11-21 18:51:23,065 Test: [10/200]	Time 0.017 (0.367)	Loss 0.0210 (0.0572)
2024-11-21 18:51:23,233 Test: [20/200]	Time 0.014 (0.200)	Loss 0.0414 (0.0563)
2024-11-21 18:51:23,419 Test: [30/200]	Time 0.017 (0.142)	Loss 0.1032 (0.0629)
2024-11-21 18:51:23,566 Test: [40/200]	Time 0.012 (0.111)	Loss 0.0719 (0.0651)
2024-11-21 18:51:23,761 Test: [50/200]	Time 0.017 (0.093)	Loss 0.1041 (0.0658)
2024-11-21 18:51:23,936 Test: [60/200]	Time 0.016 (0.081)	Loss 0.1149 (0.0679)
2024-11-21 18:51:24,098 Test: [70/200]	Time 0.015 (0.071)	Loss 0.0474 (0.0681)
2024-11-21 18:51:24,267 Test: [80/200]	Time 0.016 (0.065)	Loss 0.0640 (0.0666)
2024-11-21 18:51:24,461 Test: [90/200]	Time 0.039 (0.060)	Loss 0.0806 (0.0681)
2024-11-21 18:51:24,652 Test: [100/200]	Time 0.041 (0.056)	Loss 0.0974 (0.0676)
2024-11-21 18:51:24,856 Test: [110/200]	Time 0.014 (0.053)	Loss 0.1504 (0.0687)
2024-11-21 18:51:25,000 Test: [120/200]	Time 0.014 (0.049)	Loss 0.0842 (0.0677)
2024-11-21 18:51:25,160 Test: [130/200]	Time 0.015 (0.047)	Loss 0.0438 (0.0678)
2024-11-21 18:51:25,304 Test: [140/200]	Time 0.012 (0.045)	Loss 0.0755 (0.0677)
2024-11-21 18:51:25,448 Test: [150/200]	Time 0.013 (0.043)	Loss 0.0599 (0.0667)
2024-11-21 18:51:25,618 Test: [160/200]	Time 0.015 (0.041)	Loss 0.1240 (0.0672)
2024-11-21 18:51:25,764 Test: [170/200]	Time 0.014 (0.039)	Loss 0.0514 (0.0668)
2024-11-21 18:51:25,924 Test: [180/200]	Time 0.024 (0.038)	Loss 0.0365 (0.0663)
2024-11-21 18:51:26,083 Test: [190/200]	Time 0.013 (0.037)	Loss 0.0333 (0.0661)
2024-11-21 18:51:31,734 Mean IoU score: 0.845
2024-11-21 18:51:31,735 => saving checkpoint to out
2024-11-21 18:51:34,052 Epoch: [11][0/200]	Time 2.302s (2.302s)	Speed 13.9 samples/s	Data 1.777s (1.777s)	Loss 0.00911 (0.00911)
2024-11-21 18:51:37,666 Epoch: [11][10/200]	Time 0.346s (0.538s)	Speed 92.5 samples/s	Data 0.000s (0.162s)	Loss 0.01075 (0.00950)
2024-11-21 18:51:41,092 Epoch: [11][20/200]	Time 0.339s (0.445s)	Speed 94.3 samples/s	Data 0.000s (0.085s)	Loss 0.01221 (0.00959)
2024-11-21 18:51:44,828 Epoch: [11][30/200]	Time 0.394s (0.422s)	Speed 81.2 samples/s	Data 0.000s (0.058s)	Loss 0.00933 (0.00967)
2024-11-21 18:51:48,340 Epoch: [11][40/200]	Time 0.348s (0.405s)	Speed 91.9 samples/s	Data 0.000s (0.044s)	Loss 0.01228 (0.00979)
2024-11-21 18:51:51,823 Epoch: [11][50/200]	Time 0.336s (0.394s)	Speed 95.1 samples/s	Data 0.001s (0.035s)	Loss 0.01005 (0.00988)
2024-11-21 18:51:55,419 Epoch: [11][60/200]	Time 0.345s (0.388s)	Speed 92.9 samples/s	Data 0.000s (0.030s)	Loss 0.01147 (0.00995)
2024-11-21 18:51:58,872 Epoch: [11][70/200]	Time 0.340s (0.382s)	Speed 94.0 samples/s	Data 0.000s (0.025s)	Loss 0.00968 (0.00992)
2024-11-21 18:52:02,305 Epoch: [11][80/200]	Time 0.342s (0.377s)	Speed 93.5 samples/s	Data 0.000s (0.022s)	Loss 0.00923 (0.00986)
2024-11-21 18:52:05,951 Epoch: [11][90/200]	Time 0.370s (0.376s)	Speed 86.5 samples/s	Data 0.000s (0.020s)	Loss 0.00954 (0.00984)
2024-11-21 18:52:09,413 Epoch: [11][100/200]	Time 0.336s (0.373s)	Speed 95.1 samples/s	Data 0.000s (0.018s)	Loss 0.00968 (0.00984)
2024-11-21 18:52:12,841 Epoch: [11][110/200]	Time 0.335s (0.370s)	Speed 95.6 samples/s	Data 0.000s (0.016s)	Loss 0.01129 (0.00978)
2024-11-21 18:52:16,602 Epoch: [11][120/200]	Time 0.365s (0.371s)	Speed 87.6 samples/s	Data 0.000s (0.015s)	Loss 0.00826 (0.00977)
2024-11-21 18:52:20,713 Epoch: [11][130/200]	Time 0.382s (0.374s)	Speed 83.7 samples/s	Data 0.000s (0.014s)	Loss 0.00959 (0.00975)
2024-11-21 18:52:24,661 Epoch: [11][140/200]	Time 0.418s (0.375s)	Speed 76.6 samples/s	Data 0.000s (0.013s)	Loss 0.01305 (0.00983)
2024-11-21 18:52:28,711 Epoch: [11][150/200]	Time 0.396s (0.377s)	Speed 80.9 samples/s	Data 0.000s (0.012s)	Loss 0.01223 (0.00983)
2024-11-21 18:52:32,726 Epoch: [11][160/200]	Time 0.381s (0.379s)	Speed 84.0 samples/s	Data 0.000s (0.011s)	Loss 0.01118 (0.00985)
2024-11-21 18:52:36,730 Epoch: [11][170/200]	Time 0.392s (0.380s)	Speed 81.6 samples/s	Data 0.000s (0.011s)	Loss 0.01042 (0.00988)
2024-11-21 18:52:40,638 Epoch: [11][180/200]	Time 0.391s (0.381s)	Speed 81.8 samples/s	Data 0.000s (0.010s)	Loss 0.00824 (0.00987)
2024-11-21 18:52:44,561 Epoch: [11][190/200]	Time 0.430s (0.381s)	Speed 74.5 samples/s	Data 0.000s (0.010s)	Loss 0.00927 (0.00984)
2024-11-21 18:53:10,519 Test: [0/200]	Time 2.434 (2.434)	Loss 0.0615 (0.0615)
2024-11-21 18:53:10,697 Test: [10/200]	Time 0.016 (0.237)	Loss 0.0146 (0.0540)
2024-11-21 18:53:10,886 Test: [20/200]	Time 0.017 (0.133)	Loss 0.0286 (0.0539)
2024-11-21 18:53:11,056 Test: [30/200]	Time 0.017 (0.096)	Loss 0.0729 (0.0595)
2024-11-21 18:53:11,215 Test: [40/200]	Time 0.014 (0.076)	Loss 0.0699 (0.0616)
2024-11-21 18:53:11,378 Test: [50/200]	Time 0.016 (0.065)	Loss 0.0896 (0.0617)
2024-11-21 18:53:11,540 Test: [60/200]	Time 0.019 (0.057)	Loss 0.1015 (0.0637)
2024-11-21 18:53:11,713 Test: [70/200]	Time 0.016 (0.051)	Loss 0.0475 (0.0634)
2024-11-21 18:53:11,872 Test: [80/200]	Time 0.018 (0.047)	Loss 0.0533 (0.0611)
2024-11-21 18:53:12,033 Test: [90/200]	Time 0.017 (0.043)	Loss 0.0912 (0.0626)
2024-11-21 18:53:12,199 Test: [100/200]	Time 0.018 (0.041)	Loss 0.0821 (0.0617)
2024-11-21 18:53:12,362 Test: [110/200]	Time 0.013 (0.039)	Loss 0.1331 (0.0626)
2024-11-21 18:53:12,529 Test: [120/200]	Time 0.014 (0.037)	Loss 0.0661 (0.0617)
2024-11-21 18:53:12,692 Test: [130/200]	Time 0.017 (0.035)	Loss 0.0480 (0.0619)
2024-11-21 18:53:12,854 Test: [140/200]	Time 0.020 (0.034)	Loss 0.0527 (0.0613)
2024-11-21 18:53:13,029 Test: [150/200]	Time 0.018 (0.033)	Loss 0.0521 (0.0604)
2024-11-21 18:53:13,189 Test: [160/200]	Time 0.013 (0.032)	Loss 0.1008 (0.0608)
2024-11-21 18:53:13,343 Test: [170/200]	Time 0.015 (0.031)	Loss 0.0489 (0.0605)
2024-11-21 18:53:13,501 Test: [180/200]	Time 0.013 (0.030)	Loss 0.0358 (0.0601)
2024-11-21 18:53:13,661 Test: [190/200]	Time 0.020 (0.029)	Loss 0.0262 (0.0600)
2024-11-21 18:53:19,322 Mean IoU score: 0.856
2024-11-21 18:53:19,323 => saving checkpoint to out
2024-11-21 18:53:21,579 Epoch: [12][0/200]	Time 2.241s (2.241s)	Speed 14.3 samples/s	Data 1.804s (1.804s)	Loss 0.01138 (0.01138)
2024-11-21 18:53:25,609 Epoch: [12][10/200]	Time 0.432s (0.570s)	Speed 74.0 samples/s	Data 0.000s (0.164s)	Loss 0.01032 (0.01015)
2024-11-21 18:53:29,466 Epoch: [12][20/200]	Time 0.384s (0.482s)	Speed 83.2 samples/s	Data 0.000s (0.086s)	Loss 0.01174 (0.00944)
2024-11-21 18:53:33,448 Epoch: [12][30/200]	Time 0.394s (0.455s)	Speed 81.3 samples/s	Data 0.001s (0.059s)	Loss 0.00936 (0.00932)
2024-11-21 18:53:37,341 Epoch: [12][40/200]	Time 0.375s (0.439s)	Speed 85.3 samples/s	Data 0.000s (0.045s)	Loss 0.00897 (0.00925)
2024-11-21 18:53:41,171 Epoch: [12][50/200]	Time 0.376s (0.428s)	Speed 85.0 samples/s	Data 0.000s (0.036s)	Loss 0.00824 (0.00914)
2024-11-21 18:53:45,072 Epoch: [12][60/200]	Time 0.421s (0.422s)	Speed 75.9 samples/s	Data 0.000s (0.030s)	Loss 0.00699 (0.00910)
2024-11-21 18:53:48,982 Epoch: [12][70/200]	Time 0.391s (0.418s)	Speed 81.9 samples/s	Data 0.000s (0.026s)	Loss 0.00991 (0.00904)
2024-11-21 18:53:52,911 Epoch: [12][80/200]	Time 0.381s (0.414s)	Speed 84.0 samples/s	Data 0.001s (0.023s)	Loss 0.00997 (0.00910)
2024-11-21 18:53:56,844 Epoch: [12][90/200]	Time 0.394s (0.412s)	Speed 81.3 samples/s	Data 0.000s (0.020s)	Loss 0.00712 (0.00909)
2024-11-21 18:54:00,660 Epoch: [12][100/200]	Time 0.380s (0.409s)	Speed 84.2 samples/s	Data 0.001s (0.018s)	Loss 0.00837 (0.00904)
2024-11-21 18:54:04,678 Epoch: [12][110/200]	Time 0.386s (0.408s)	Speed 82.8 samples/s	Data 0.001s (0.017s)	Loss 0.00823 (0.00909)
2024-11-21 18:54:08,746 Epoch: [12][120/200]	Time 0.411s (0.408s)	Speed 77.9 samples/s	Data 0.001s (0.015s)	Loss 0.00825 (0.00909)
2024-11-21 18:54:12,566 Epoch: [12][130/200]	Time 0.378s (0.406s)	Speed 84.7 samples/s	Data 0.000s (0.014s)	Loss 0.00946 (0.00916)
2024-11-21 18:54:16,483 Epoch: [12][140/200]	Time 0.377s (0.405s)	Speed 84.9 samples/s	Data 0.000s (0.013s)	Loss 0.01035 (0.00921)
2024-11-21 18:54:20,330 Epoch: [12][150/200]	Time 0.385s (0.404s)	Speed 83.2 samples/s	Data 0.000s (0.012s)	Loss 0.00969 (0.00926)
2024-11-21 18:54:24,167 Epoch: [12][160/200]	Time 0.392s (0.403s)	Speed 81.7 samples/s	Data 0.000s (0.012s)	Loss 0.01138 (0.00927)
2024-11-21 18:54:28,096 Epoch: [12][170/200]	Time 0.394s (0.402s)	Speed 81.3 samples/s	Data 0.000s (0.011s)	Loss 0.00762 (0.00928)
2024-11-21 18:54:32,032 Epoch: [12][180/200]	Time 0.378s (0.402s)	Speed 84.6 samples/s	Data 0.001s (0.010s)	Loss 0.00770 (0.00925)
2024-11-21 18:54:35,958 Epoch: [12][190/200]	Time 0.440s (0.401s)	Speed 72.7 samples/s	Data 0.000s (0.010s)	Loss 0.00745 (0.00921)
2024-11-21 18:55:01,171 Test: [0/200]	Time 1.752 (1.752)	Loss 0.0678 (0.0678)
2024-11-21 18:55:01,350 Test: [10/200]	Time 0.018 (0.176)	Loss 0.0103 (0.0513)
2024-11-21 18:55:01,534 Test: [20/200]	Time 0.016 (0.101)	Loss 0.0451 (0.0570)
2024-11-21 18:55:01,712 Test: [30/200]	Time 0.015 (0.074)	Loss 0.0821 (0.0644)
2024-11-21 18:55:01,885 Test: [40/200]	Time 0.016 (0.060)	Loss 0.0645 (0.0662)
2024-11-21 18:55:02,054 Test: [50/200]	Time 0.022 (0.052)	Loss 0.0873 (0.0670)
2024-11-21 18:55:02,229 Test: [60/200]	Time 0.018 (0.046)	Loss 0.0822 (0.0678)
2024-11-21 18:55:02,388 Test: [70/200]	Time 0.016 (0.042)	Loss 0.0486 (0.0671)
2024-11-21 18:55:02,561 Test: [80/200]	Time 0.020 (0.039)	Loss 0.0639 (0.0656)
2024-11-21 18:55:02,716 Test: [90/200]	Time 0.015 (0.036)	Loss 0.1254 (0.0682)
2024-11-21 18:55:02,891 Test: [100/200]	Time 0.015 (0.034)	Loss 0.0917 (0.0671)
2024-11-21 18:55:03,048 Test: [110/200]	Time 0.013 (0.033)	Loss 0.1298 (0.0676)
2024-11-21 18:55:03,215 Test: [120/200]	Time 0.018 (0.031)	Loss 0.0648 (0.0663)
2024-11-21 18:55:03,381 Test: [130/200]	Time 0.016 (0.030)	Loss 0.0534 (0.0666)
2024-11-21 18:55:03,548 Test: [140/200]	Time 0.016 (0.029)	Loss 0.0699 (0.0661)
2024-11-21 18:55:03,725 Test: [150/200]	Time 0.028 (0.029)	Loss 0.0539 (0.0649)
2024-11-21 18:55:03,890 Test: [160/200]	Time 0.018 (0.028)	Loss 0.1027 (0.0653)
2024-11-21 18:55:04,058 Test: [170/200]	Time 0.016 (0.027)	Loss 0.0741 (0.0647)
2024-11-21 18:55:04,240 Test: [180/200]	Time 0.018 (0.027)	Loss 0.0383 (0.0641)
2024-11-21 18:55:04,411 Test: [190/200]	Time 0.017 (0.026)	Loss 0.0254 (0.0641)
2024-11-21 18:55:10,078 Mean IoU score: 0.848
2024-11-21 18:55:10,080 => saving checkpoint to out
2024-11-21 18:55:12,380 Epoch: [13][0/200]	Time 2.285s (2.285s)	Speed 14.0 samples/s	Data 1.849s (1.849s)	Loss 0.00644 (0.00644)
2024-11-21 18:55:16,356 Epoch: [13][10/200]	Time 0.445s (0.569s)	Speed 71.8 samples/s	Data 0.001s (0.169s)	Loss 0.00773 (0.00929)
2024-11-21 18:55:20,166 Epoch: [13][20/200]	Time 0.378s (0.480s)	Speed 84.6 samples/s	Data 0.001s (0.089s)	Loss 0.00707 (0.00878)
2024-11-21 18:55:23,933 Epoch: [13][30/200]	Time 0.375s (0.446s)	Speed 85.3 samples/s	Data 0.001s (0.060s)	Loss 0.00930 (0.00924)
2024-11-21 18:55:27,870 Epoch: [13][40/200]	Time 0.385s (0.434s)	Speed 83.1 samples/s	Data 0.000s (0.046s)	Loss 0.01046 (0.00942)
2024-11-21 18:55:31,731 Epoch: [13][50/200]	Time 0.397s (0.424s)	Speed 80.6 samples/s	Data 0.000s (0.037s)	Loss 0.01694 (0.00958)
2024-11-21 18:55:35,569 Epoch: [13][60/200]	Time 0.391s (0.418s)	Speed 81.8 samples/s	Data 0.000s (0.031s)	Loss 0.01938 (0.01016)
2024-11-21 18:55:39,501 Epoch: [13][70/200]	Time 0.385s (0.414s)	Speed 83.0 samples/s	Data 0.000s (0.027s)	Loss 0.01926 (0.01114)
2024-11-21 18:55:43,370 Epoch: [13][80/200]	Time 0.372s (0.411s)	Speed 86.0 samples/s	Data 0.000s (0.023s)	Loss 0.02024 (0.01223)
2024-11-21 18:55:47,273 Epoch: [13][90/200]	Time 0.379s (0.409s)	Speed 84.5 samples/s	Data 0.001s (0.021s)	Loss 0.02370 (0.01334)
2024-11-21 18:55:51,103 Epoch: [13][100/200]	Time 0.372s (0.406s)	Speed 86.0 samples/s	Data 0.000s (0.019s)	Loss 0.02016 (0.01459)
2024-11-21 18:55:54,981 Epoch: [13][110/200]	Time 0.391s (0.404s)	Speed 81.7 samples/s	Data 0.000s (0.017s)	Loss 0.02505 (0.01566)
2024-11-21 18:55:58,880 Epoch: [13][120/200]	Time 0.380s (0.403s)	Speed 84.3 samples/s	Data 0.001s (0.016s)	Loss 0.01969 (0.01639)
2024-11-21 18:56:02,756 Epoch: [13][130/200]	Time 0.384s (0.402s)	Speed 83.3 samples/s	Data 0.000s (0.015s)	Loss 0.02327 (0.01689)
2024-11-21 18:56:06,753 Epoch: [13][140/200]	Time 0.427s (0.402s)	Speed 75.0 samples/s	Data 0.000s (0.014s)	Loss 0.01789 (0.01727)
2024-11-21 18:56:10,606 Epoch: [13][150/200]	Time 0.383s (0.401s)	Speed 83.6 samples/s	Data 0.001s (0.013s)	Loss 0.01567 (0.01742)
2024-11-21 18:56:14,510 Epoch: [13][160/200]	Time 0.409s (0.400s)	Speed 78.2 samples/s	Data 0.001s (0.012s)	Loss 0.01588 (0.01761)
2024-11-21 18:56:18,412 Epoch: [13][170/200]	Time 0.396s (0.400s)	Speed 80.8 samples/s	Data 0.001s (0.011s)	Loss 0.02125 (0.01767)
2024-11-21 18:56:22,284 Epoch: [13][180/200]	Time 0.376s (0.399s)	Speed 85.2 samples/s	Data 0.001s (0.011s)	Loss 0.01712 (0.01759)
2024-11-21 18:56:26,442 Epoch: [13][190/200]	Time 0.424s (0.400s)	Speed 75.5 samples/s	Data 0.001s (0.010s)	Loss 0.01902 (0.01770)
2024-11-21 18:56:51,620 Test: [0/200]	Time 1.607 (1.607)	Loss 0.0811 (0.0811)
2024-11-21 18:56:51,852 Test: [10/200]	Time 0.023 (0.167)	Loss 0.0125 (0.0594)
2024-11-21 18:56:52,037 Test: [20/200]	Time 0.019 (0.096)	Loss 0.0619 (0.0658)
2024-11-21 18:56:52,238 Test: [30/200]	Time 0.020 (0.072)	Loss 0.0859 (0.0727)
2024-11-21 18:56:52,433 Test: [40/200]	Time 0.016 (0.059)	Loss 0.0513 (0.0753)
2024-11-21 18:56:52,673 Test: [50/200]	Time 0.019 (0.052)	Loss 0.1239 (0.0759)
2024-11-21 18:56:52,892 Test: [60/200]	Time 0.016 (0.047)	Loss 0.0719 (0.0779)
2024-11-21 18:56:53,098 Test: [70/200]	Time 0.022 (0.043)	Loss 0.0922 (0.0783)
2024-11-21 18:56:53,307 Test: [80/200]	Time 0.015 (0.041)	Loss 0.0712 (0.0764)
2024-11-21 18:56:53,501 Test: [90/200]	Time 0.020 (0.038)	Loss 0.0893 (0.0774)
2024-11-21 18:56:53,731 Test: [100/200]	Time 0.027 (0.037)	Loss 0.0953 (0.0767)
2024-11-21 18:56:54,072 Test: [110/200]	Time 0.057 (0.037)	Loss 0.1412 (0.0777)
2024-11-21 18:56:54,280 Test: [120/200]	Time 0.023 (0.035)	Loss 0.0740 (0.0767)
2024-11-21 18:56:54,464 Test: [130/200]	Time 0.016 (0.034)	Loss 0.0699 (0.0773)
2024-11-21 18:56:54,705 Test: [140/200]	Time 0.027 (0.033)	Loss 0.0878 (0.0771)
2024-11-21 18:56:54,932 Test: [150/200]	Time 0.033 (0.033)	Loss 0.0595 (0.0760)
2024-11-21 18:56:55,206 Test: [160/200]	Time 0.023 (0.032)	Loss 0.0973 (0.0759)
2024-11-21 18:56:55,471 Test: [170/200]	Time 0.016 (0.032)	Loss 0.0649 (0.0753)
2024-11-21 18:56:55,675 Test: [180/200]	Time 0.020 (0.031)	Loss 0.0561 (0.0745)
2024-11-21 18:56:55,851 Test: [190/200]	Time 0.016 (0.031)	Loss 0.0328 (0.0742)
2024-11-21 18:57:01,513 Mean IoU score: 0.816
2024-11-21 18:57:01,515 => saving checkpoint to out
2024-11-21 18:57:03,787 Epoch: [14][0/200]	Time 2.257s (2.257s)	Speed 14.2 samples/s	Data 1.832s (1.832s)	Loss 0.01271 (0.01271)
2024-11-21 18:57:08,192 Epoch: [14][10/200]	Time 0.391s (0.606s)	Speed 81.7 samples/s	Data 0.000s (0.167s)	Loss 0.01365 (0.01504)
2024-11-21 18:57:12,398 Epoch: [14][20/200]	Time 0.408s (0.518s)	Speed 78.4 samples/s	Data 0.000s (0.088s)	Loss 0.01369 (0.01478)
2024-11-21 18:57:16,655 Epoch: [14][30/200]	Time 0.449s (0.488s)	Speed 71.3 samples/s	Data 0.000s (0.060s)	Loss 0.01197 (0.01411)
2024-11-21 18:57:20,760 Epoch: [14][40/200]	Time 0.376s (0.469s)	Speed 85.2 samples/s	Data 0.000s (0.045s)	Loss 0.01365 (0.01416)
2024-11-21 18:57:24,677 Epoch: [14][50/200]	Time 0.394s (0.454s)	Speed 81.2 samples/s	Data 0.000s (0.036s)	Loss 0.01783 (0.01417)
2024-11-21 18:57:28,689 Epoch: [14][60/200]	Time 0.415s (0.445s)	Speed 77.1 samples/s	Data 0.000s (0.030s)	Loss 0.01083 (0.01387)
2024-11-21 18:57:32,491 Epoch: [14][70/200]	Time 0.381s (0.436s)	Speed 83.9 samples/s	Data 0.000s (0.026s)	Loss 0.01067 (0.01367)
2024-11-21 18:57:36,389 Epoch: [14][80/200]	Time 0.373s (0.430s)	Speed 85.8 samples/s	Data 0.000s (0.023s)	Loss 0.01444 (0.01346)
2024-11-21 18:57:40,286 Epoch: [14][90/200]	Time 0.377s (0.426s)	Speed 84.9 samples/s	Data 0.001s (0.021s)	Loss 0.01396 (0.01349)
2024-11-21 18:57:44,121 Epoch: [14][100/200]	Time 0.370s (0.422s)	Speed 86.5 samples/s	Data 0.001s (0.019s)	Loss 0.01657 (0.01338)
2024-11-21 18:57:48,194 Epoch: [14][110/200]	Time 0.438s (0.420s)	Speed 73.0 samples/s	Data 0.000s (0.017s)	Loss 0.00936 (0.01332)
2024-11-21 18:57:52,159 Epoch: [14][120/200]	Time 0.411s (0.418s)	Speed 77.8 samples/s	Data 0.000s (0.016s)	Loss 0.01063 (0.01314)
2024-11-21 18:57:55,966 Epoch: [14][130/200]	Time 0.386s (0.416s)	Speed 82.9 samples/s	Data 0.000s (0.014s)	Loss 0.00908 (0.01296)
2024-11-21 18:58:00,060 Epoch: [14][140/200]	Time 0.383s (0.415s)	Speed 83.5 samples/s	Data 0.000s (0.013s)	Loss 0.00977 (0.01294)
2024-11-21 18:58:03,965 Epoch: [14][150/200]	Time 0.386s (0.413s)	Speed 83.0 samples/s	Data 0.000s (0.013s)	Loss 0.01529 (0.01287)
2024-11-21 18:58:07,863 Epoch: [14][160/200]	Time 0.415s (0.412s)	Speed 77.0 samples/s	Data 0.000s (0.012s)	Loss 0.00997 (0.01281)
2024-11-21 18:58:11,743 Epoch: [14][170/200]	Time 0.392s (0.411s)	Speed 81.5 samples/s	Data 0.001s (0.011s)	Loss 0.01704 (0.01283)
2024-11-21 18:58:15,562 Epoch: [14][180/200]	Time 0.408s (0.409s)	Speed 78.5 samples/s	Data 0.000s (0.011s)	Loss 0.01261 (0.01277)
2024-11-21 18:58:19,436 Epoch: [14][190/200]	Time 0.377s (0.408s)	Speed 84.9 samples/s	Data 0.001s (0.010s)	Loss 0.01231 (0.01278)
2024-11-21 18:58:44,902 Test: [0/200]	Time 1.968 (1.968)	Loss 0.0666 (0.0666)
2024-11-21 18:58:45,088 Test: [10/200]	Time 0.018 (0.196)	Loss 0.0095 (0.0623)
2024-11-21 18:58:45,283 Test: [20/200]	Time 0.017 (0.112)	Loss 0.0341 (0.0601)
2024-11-21 18:58:45,535 Test: [30/200]	Time 0.024 (0.084)	Loss 0.1059 (0.0655)
2024-11-21 18:58:45,723 Test: [40/200]	Time 0.017 (0.068)	Loss 0.0587 (0.0690)
2024-11-21 18:58:45,906 Test: [50/200]	Time 0.017 (0.058)	Loss 0.1234 (0.0686)
2024-11-21 18:58:46,073 Test: [60/200]	Time 0.015 (0.051)	Loss 0.1041 (0.0714)
2024-11-21 18:58:46,277 Test: [70/200]	Time 0.020 (0.047)	Loss 0.0615 (0.0713)
2024-11-21 18:58:46,488 Test: [80/200]	Time 0.020 (0.044)	Loss 0.0651 (0.0690)
2024-11-21 18:58:46,726 Test: [90/200]	Time 0.036 (0.042)	Loss 0.1056 (0.0703)
2024-11-21 18:58:46,915 Test: [100/200]	Time 0.015 (0.039)	Loss 0.0976 (0.0699)
2024-11-21 18:58:47,087 Test: [110/200]	Time 0.015 (0.037)	Loss 0.1369 (0.0703)
2024-11-21 18:58:47,240 Test: [120/200]	Time 0.013 (0.036)	Loss 0.0683 (0.0695)
2024-11-21 18:58:47,411 Test: [130/200]	Time 0.024 (0.034)	Loss 0.0748 (0.0699)
2024-11-21 18:58:47,706 Test: [140/200]	Time 0.074 (0.034)	Loss 0.0607 (0.0694)
2024-11-21 18:58:47,923 Test: [150/200]	Time 0.018 (0.033)	Loss 0.0765 (0.0682)
2024-11-21 18:58:48,137 Test: [160/200]	Time 0.018 (0.032)	Loss 0.1123 (0.0683)
2024-11-21 18:58:48,315 Test: [170/200]	Time 0.019 (0.031)	Loss 0.0548 (0.0678)
2024-11-21 18:58:48,544 Test: [180/200]	Time 0.016 (0.031)	Loss 0.0402 (0.0676)
2024-11-21 18:58:48,771 Test: [190/200]	Time 0.023 (0.031)	Loss 0.0360 (0.0679)
2024-11-21 18:58:54,458 Mean IoU score: 0.835
2024-11-21 18:58:54,460 => saving checkpoint to out
2024-11-21 18:58:56,762 Epoch: [15][0/200]	Time 2.286s (2.286s)	Speed 14.0 samples/s	Data 1.859s (1.859s)	Loss 0.00894 (0.00894)
2024-11-21 18:59:00,802 Epoch: [15][10/200]	Time 0.392s (0.575s)	Speed 81.7 samples/s	Data 0.001s (0.169s)	Loss 0.01311 (0.01245)
2024-11-21 18:59:04,761 Epoch: [15][20/200]	Time 0.437s (0.490s)	Speed 73.3 samples/s	Data 0.000s (0.089s)	Loss 0.01180 (0.01215)
2024-11-21 18:59:08,928 Epoch: [15][30/200]	Time 0.392s (0.466s)	Speed 81.6 samples/s	Data 0.000s (0.060s)	Loss 0.01084 (0.01183)
2024-11-21 18:59:12,801 Epoch: [15][40/200]	Time 0.368s (0.447s)	Speed 86.8 samples/s	Data 0.000s (0.046s)	Loss 0.01121 (0.01156)
2024-11-21 18:59:16,733 Epoch: [15][50/200]	Time 0.373s (0.436s)	Speed 85.7 samples/s	Data 0.000s (0.037s)	Loss 0.01293 (0.01132)
2024-11-21 18:59:20,678 Epoch: [15][60/200]	Time 0.382s (0.430s)	Speed 83.7 samples/s	Data 0.000s (0.031s)	Loss 0.00894 (0.01129)
2024-11-21 18:59:24,539 Epoch: [15][70/200]	Time 0.387s (0.423s)	Speed 82.6 samples/s	Data 0.000s (0.027s)	Loss 0.00789 (0.01115)
2024-11-21 18:59:28,467 Epoch: [15][80/200]	Time 0.430s (0.420s)	Speed 74.4 samples/s	Data 0.001s (0.023s)	Loss 0.00988 (0.01094)
2024-11-21 18:59:32,373 Epoch: [15][90/200]	Time 0.392s (0.416s)	Speed 81.7 samples/s	Data 0.001s (0.021s)	Loss 0.00867 (0.01085)
2024-11-21 18:59:36,199 Epoch: [15][100/200]	Time 0.378s (0.413s)	Speed 84.8 samples/s	Data 0.001s (0.019s)	Loss 0.01223 (0.01081)
2024-11-21 18:59:40,166 Epoch: [15][110/200]	Time 0.379s (0.412s)	Speed 84.5 samples/s	Data 0.001s (0.017s)	Loss 0.00710 (0.01070)
2024-11-21 18:59:44,043 Epoch: [15][120/200]	Time 0.383s (0.410s)	Speed 83.5 samples/s	Data 0.000s (0.016s)	Loss 0.01007 (0.01061)
2024-11-21 18:59:47,951 Epoch: [15][130/200]	Time 0.386s (0.408s)	Speed 83.0 samples/s	Data 0.001s (0.015s)	Loss 0.00849 (0.01046)
2024-11-21 18:59:51,864 Epoch: [15][140/200]	Time 0.387s (0.407s)	Speed 82.7 samples/s	Data 0.000s (0.014s)	Loss 0.01309 (0.01041)
2024-11-21 18:59:55,809 Epoch: [15][150/200]	Time 0.393s (0.406s)	Speed 81.3 samples/s	Data 0.000s (0.013s)	Loss 0.01253 (0.01040)
2024-11-21 18:59:59,664 Epoch: [15][160/200]	Time 0.366s (0.405s)	Speed 87.5 samples/s	Data 0.000s (0.012s)	Loss 0.00921 (0.01035)
2024-11-21 19:00:03,484 Epoch: [15][170/200]	Time 0.386s (0.404s)	Speed 83.0 samples/s	Data 0.000s (0.011s)	Loss 0.00628 (0.01028)
2024-11-21 19:00:07,613 Epoch: [15][180/200]	Time 0.410s (0.404s)	Speed 78.0 samples/s	Data 0.000s (0.011s)	Loss 0.00758 (0.01018)
2024-11-21 19:00:11,707 Epoch: [15][190/200]	Time 0.402s (0.404s)	Speed 79.7 samples/s	Data 0.001s (0.010s)	Loss 0.00692 (0.01011)
2024-11-21 19:00:37,041 Test: [0/200]	Time 1.849 (1.849)	Loss 0.0757 (0.0757)
2024-11-21 19:00:37,264 Test: [10/200]	Time 0.018 (0.188)	Loss 0.0087 (0.0496)
2024-11-21 19:00:37,442 Test: [20/200]	Time 0.023 (0.107)	Loss 0.0279 (0.0491)
2024-11-21 19:00:37,739 Test: [30/200]	Time 0.024 (0.082)	Loss 0.0625 (0.0532)
2024-11-21 19:00:37,968 Test: [40/200]	Time 0.032 (0.068)	Loss 0.0425 (0.0551)
2024-11-21 19:00:38,204 Test: [50/200]	Time 0.024 (0.059)	Loss 0.0888 (0.0549)
2024-11-21 19:00:38,373 Test: [60/200]	Time 0.016 (0.052)	Loss 0.0891 (0.0568)
2024-11-21 19:00:38,643 Test: [70/200]	Time 0.020 (0.049)	Loss 0.0432 (0.0566)
2024-11-21 19:00:38,837 Test: [80/200]	Time 0.020 (0.045)	Loss 0.0644 (0.0548)
2024-11-21 19:00:39,026 Test: [90/200]	Time 0.019 (0.042)	Loss 0.0741 (0.0561)
2024-11-21 19:00:39,209 Test: [100/200]	Time 0.020 (0.040)	Loss 0.0920 (0.0557)
2024-11-21 19:00:39,445 Test: [110/200]	Time 0.029 (0.038)	Loss 0.1568 (0.0563)
2024-11-21 19:00:39,799 Test: [120/200]	Time 0.025 (0.038)	Loss 0.0640 (0.0556)
2024-11-21 19:00:40,124 Test: [130/200]	Time 0.026 (0.038)	Loss 0.0416 (0.0557)
2024-11-21 19:00:40,438 Test: [140/200]	Time 0.018 (0.037)	Loss 0.0600 (0.0554)
2024-11-21 19:00:40,655 Test: [150/200]	Time 0.021 (0.036)	Loss 0.0490 (0.0546)
2024-11-21 19:00:40,872 Test: [160/200]	Time 0.021 (0.035)	Loss 0.0691 (0.0546)
2024-11-21 19:00:41,099 Test: [170/200]	Time 0.026 (0.035)	Loss 0.0376 (0.0545)
2024-11-21 19:00:41,334 Test: [180/200]	Time 0.022 (0.034)	Loss 0.0324 (0.0542)
2024-11-21 19:00:41,596 Test: [190/200]	Time 0.022 (0.034)	Loss 0.0222 (0.0541)
2024-11-21 19:00:47,319 Mean IoU score: 0.870
2024-11-21 19:00:47,322 => saving checkpoint to out
2024-11-21 19:00:49,693 Epoch: [16][0/200]	Time 2.348s (2.348s)	Speed 13.6 samples/s	Data 1.930s (1.930s)	Loss 0.00760 (0.00760)
2024-11-21 19:00:53,566 Epoch: [16][10/200]	Time 0.391s (0.566s)	Speed 81.9 samples/s	Data 0.000s (0.176s)	Loss 0.00822 (0.00843)
2024-11-21 19:00:57,437 Epoch: [16][20/200]	Time 0.397s (0.481s)	Speed 80.6 samples/s	Data 0.000s (0.092s)	Loss 0.00912 (0.00878)
2024-11-21 19:01:01,386 Epoch: [16][30/200]	Time 0.364s (0.453s)	Speed 87.9 samples/s	Data 0.000s (0.063s)	Loss 0.00816 (0.00864)
2024-11-21 19:01:05,352 Epoch: [16][40/200]	Time 0.387s (0.439s)	Speed 82.7 samples/s	Data 0.001s (0.048s)	Loss 0.00869 (0.00851)
2024-11-21 19:01:09,226 Epoch: [16][50/200]	Time 0.415s (0.429s)	Speed 77.0 samples/s	Data 0.001s (0.038s)	Loss 0.00986 (0.00841)
2024-11-21 19:01:13,120 Epoch: [16][60/200]	Time 0.384s (0.423s)	Speed 83.3 samples/s	Data 0.001s (0.032s)	Loss 0.00903 (0.00838)
2024-11-21 19:01:16,946 Epoch: [16][70/200]	Time 0.384s (0.417s)	Speed 83.3 samples/s	Data 0.001s (0.028s)	Loss 0.00797 (0.00836)
2024-11-21 19:01:20,866 Epoch: [16][80/200]	Time 0.392s (0.414s)	Speed 81.7 samples/s	Data 0.000s (0.024s)	Loss 0.00543 (0.00825)
2024-11-21 19:01:24,714 Epoch: [16][90/200]	Time 0.395s (0.411s)	Speed 81.1 samples/s	Data 0.001s (0.022s)	Loss 0.00950 (0.00835)
2024-11-21 19:01:28,601 Epoch: [16][100/200]	Time 0.375s (0.408s)	Speed 85.4 samples/s	Data 0.000s (0.020s)	Loss 0.00988 (0.00838)
2024-11-21 19:01:32,611 Epoch: [16][110/200]	Time 0.368s (0.408s)	Speed 87.0 samples/s	Data 0.001s (0.018s)	Loss 0.00817 (0.00837)
2024-11-21 19:01:36,463 Epoch: [16][120/200]	Time 0.387s (0.406s)	Speed 82.8 samples/s	Data 0.000s (0.016s)	Loss 0.01040 (0.00841)
2024-11-21 19:01:40,409 Epoch: [16][130/200]	Time 0.392s (0.405s)	Speed 81.6 samples/s	Data 0.000s (0.015s)	Loss 0.00774 (0.00835)
2024-11-21 19:01:44,304 Epoch: [16][140/200]	Time 0.385s (0.404s)	Speed 83.2 samples/s	Data 0.001s (0.014s)	Loss 0.00894 (0.00834)
2024-11-21 19:01:48,176 Epoch: [16][150/200]	Time 0.391s (0.403s)	Speed 81.8 samples/s	Data 0.001s (0.013s)	Loss 0.00855 (0.00832)
2024-11-21 19:01:52,138 Epoch: [16][160/200]	Time 0.389s (0.402s)	Speed 82.2 samples/s	Data 0.000s (0.012s)	Loss 0.00754 (0.00831)
2024-11-21 19:01:56,021 Epoch: [16][170/200]	Time 0.384s (0.402s)	Speed 83.4 samples/s	Data 0.001s (0.012s)	Loss 0.01017 (0.00831)
2024-11-21 19:01:59,962 Epoch: [16][180/200]	Time 0.426s (0.401s)	Speed 75.1 samples/s	Data 0.001s (0.011s)	Loss 0.00692 (0.00825)
2024-11-21 19:02:03,886 Epoch: [16][190/200]	Time 0.393s (0.401s)	Speed 81.5 samples/s	Data 0.000s (0.011s)	Loss 0.00841 (0.00825)
2024-11-21 19:02:29,222 Test: [0/200]	Time 1.850 (1.850)	Loss 0.0718 (0.0718)
2024-11-21 19:02:29,400 Test: [10/200]	Time 0.015 (0.184)	Loss 0.0095 (0.0501)
2024-11-21 19:02:29,637 Test: [20/200]	Time 0.019 (0.108)	Loss 0.0258 (0.0485)
2024-11-21 19:02:29,837 Test: [30/200]	Time 0.017 (0.080)	Loss 0.0714 (0.0534)
2024-11-21 19:02:30,031 Test: [40/200]	Time 0.020 (0.065)	Loss 0.0384 (0.0549)
2024-11-21 19:02:30,221 Test: [50/200]	Time 0.019 (0.056)	Loss 0.0826 (0.0547)
2024-11-21 19:02:30,400 Test: [60/200]	Time 0.017 (0.050)	Loss 0.0920 (0.0568)
2024-11-21 19:02:30,561 Test: [70/200]	Time 0.014 (0.045)	Loss 0.0397 (0.0564)
2024-11-21 19:02:30,730 Test: [80/200]	Time 0.018 (0.041)	Loss 0.0612 (0.0547)
2024-11-21 19:02:30,898 Test: [90/200]	Time 0.014 (0.039)	Loss 0.0848 (0.0560)
2024-11-21 19:02:31,057 Test: [100/200]	Time 0.019 (0.036)	Loss 0.0757 (0.0555)
2024-11-21 19:02:31,221 Test: [110/200]	Time 0.016 (0.035)	Loss 0.1552 (0.0562)
2024-11-21 19:02:31,381 Test: [120/200]	Time 0.016 (0.033)	Loss 0.0558 (0.0555)
2024-11-21 19:02:31,539 Test: [130/200]	Time 0.015 (0.032)	Loss 0.0500 (0.0559)
2024-11-21 19:02:31,705 Test: [140/200]	Time 0.016 (0.031)	Loss 0.0549 (0.0555)
2024-11-21 19:02:31,879 Test: [150/200]	Time 0.014 (0.030)	Loss 0.0491 (0.0546)
2024-11-21 19:02:32,049 Test: [160/200]	Time 0.015 (0.029)	Loss 0.0745 (0.0546)
2024-11-21 19:02:32,213 Test: [170/200]	Time 0.014 (0.028)	Loss 0.0363 (0.0543)
2024-11-21 19:02:32,381 Test: [180/200]	Time 0.016 (0.028)	Loss 0.0357 (0.0541)
2024-11-21 19:02:32,543 Test: [190/200]	Time 0.014 (0.027)	Loss 0.0224 (0.0539)
2024-11-21 19:02:38,225 Mean IoU score: 0.871
2024-11-21 19:02:38,227 => saving checkpoint to out
2024-11-21 19:02:40,664 Epoch: [17][0/200]	Time 2.354s (2.354s)	Speed 13.6 samples/s	Data 1.867s (1.867s)	Loss 0.00868 (0.00868)
2024-11-21 19:02:44,569 Epoch: [17][10/200]	Time 0.401s (0.569s)	Speed 79.8 samples/s	Data 0.001s (0.170s)	Loss 0.00782 (0.00717)
2024-11-21 19:02:48,449 Epoch: [17][20/200]	Time 0.391s (0.483s)	Speed 81.8 samples/s	Data 0.000s (0.089s)	Loss 0.00746 (0.00735)
2024-11-21 19:02:52,379 Epoch: [17][30/200]	Time 0.386s (0.454s)	Speed 82.9 samples/s	Data 0.000s (0.061s)	Loss 0.00730 (0.00737)
2024-11-21 19:02:56,327 Epoch: [17][40/200]	Time 0.381s (0.439s)	Speed 84.1 samples/s	Data 0.000s (0.046s)	Loss 0.00740 (0.00750)
2024-11-21 19:03:00,233 Epoch: [17][50/200]	Time 0.431s (0.430s)	Speed 74.2 samples/s	Data 0.000s (0.037s)	Loss 0.00857 (0.00753)
2024-11-21 19:03:04,151 Epoch: [17][60/200]	Time 0.385s (0.424s)	Speed 83.1 samples/s	Data 0.001s (0.031s)	Loss 0.00934 (0.00753)
2024-11-21 19:03:08,036 Epoch: [17][70/200]	Time 0.386s (0.419s)	Speed 82.8 samples/s	Data 0.001s (0.027s)	Loss 0.00705 (0.00753)
2024-11-21 19:03:11,977 Epoch: [17][80/200]	Time 0.394s (0.416s)	Speed 81.2 samples/s	Data 0.000s (0.024s)	Loss 0.00933 (0.00751)
2024-11-21 19:03:15,829 Epoch: [17][90/200]	Time 0.385s (0.412s)	Speed 83.2 samples/s	Data 0.000s (0.021s)	Loss 0.00751 (0.00752)
2024-11-21 19:03:19,722 Epoch: [17][100/200]	Time 0.386s (0.410s)	Speed 83.0 samples/s	Data 0.000s (0.019s)	Loss 0.00616 (0.00745)
2024-11-21 19:03:23,677 Epoch: [17][110/200]	Time 0.405s (0.409s)	Speed 79.0 samples/s	Data 0.000s (0.017s)	Loss 0.00539 (0.00747)
2024-11-21 19:03:27,526 Epoch: [17][120/200]	Time 0.386s (0.407s)	Speed 82.9 samples/s	Data 0.000s (0.016s)	Loss 0.00741 (0.00746)
2024-11-21 19:03:31,552 Epoch: [17][130/200]	Time 0.390s (0.406s)	Speed 82.1 samples/s	Data 0.001s (0.015s)	Loss 0.00762 (0.00747)
2024-11-21 19:03:35,389 Epoch: [17][140/200]	Time 0.385s (0.405s)	Speed 83.0 samples/s	Data 0.001s (0.014s)	Loss 0.00646 (0.00743)
2024-11-21 19:03:39,243 Epoch: [17][150/200]	Time 0.374s (0.404s)	Speed 85.6 samples/s	Data 0.000s (0.013s)	Loss 0.00595 (0.00742)
2024-11-21 19:03:43,267 Epoch: [17][160/200]	Time 0.385s (0.403s)	Speed 83.1 samples/s	Data 0.001s (0.012s)	Loss 0.00757 (0.00742)
2024-11-21 19:03:47,176 Epoch: [17][170/200]	Time 0.392s (0.403s)	Speed 81.7 samples/s	Data 0.001s (0.011s)	Loss 0.00767 (0.00745)
2024-11-21 19:03:51,093 Epoch: [17][180/200]	Time 0.391s (0.402s)	Speed 81.8 samples/s	Data 0.001s (0.011s)	Loss 0.00682 (0.00742)
2024-11-21 19:03:54,958 Epoch: [17][190/200]	Time 0.384s (0.401s)	Speed 83.3 samples/s	Data 0.000s (0.010s)	Loss 0.00718 (0.00741)
2024-11-21 19:04:20,247 Test: [0/200]	Time 1.746 (1.746)	Loss 0.0740 (0.0740)
2024-11-21 19:04:20,478 Test: [10/200]	Time 0.026 (0.180)	Loss 0.0075 (0.0542)
2024-11-21 19:04:20,689 Test: [20/200]	Time 0.024 (0.104)	Loss 0.0244 (0.0522)
2024-11-21 19:04:20,895 Test: [30/200]	Time 0.022 (0.077)	Loss 0.0700 (0.0553)
2024-11-21 19:04:21,102 Test: [40/200]	Time 0.020 (0.063)	Loss 0.0427 (0.0572)
2024-11-21 19:04:21,301 Test: [50/200]	Time 0.017 (0.055)	Loss 0.0902 (0.0578)
2024-11-21 19:04:21,450 Test: [60/200]	Time 0.013 (0.048)	Loss 0.1025 (0.0596)
2024-11-21 19:04:21,631 Test: [70/200]	Time 0.019 (0.044)	Loss 0.0464 (0.0589)
2024-11-21 19:04:21,794 Test: [80/200]	Time 0.016 (0.041)	Loss 0.0591 (0.0569)
2024-11-21 19:04:21,969 Test: [90/200]	Time 0.017 (0.038)	Loss 0.0788 (0.0582)
2024-11-21 19:04:22,138 Test: [100/200]	Time 0.020 (0.036)	Loss 0.0825 (0.0576)
2024-11-21 19:04:22,309 Test: [110/200]	Time 0.021 (0.034)	Loss 0.1618 (0.0583)
2024-11-21 19:04:22,465 Test: [120/200]	Time 0.015 (0.033)	Loss 0.0600 (0.0578)
2024-11-21 19:04:22,656 Test: [130/200]	Time 0.017 (0.032)	Loss 0.0501 (0.0581)
2024-11-21 19:04:22,819 Test: [140/200]	Time 0.017 (0.031)	Loss 0.0632 (0.0579)
2024-11-21 19:04:22,985 Test: [150/200]	Time 0.013 (0.030)	Loss 0.0513 (0.0570)
2024-11-21 19:04:23,155 Test: [160/200]	Time 0.017 (0.029)	Loss 0.0748 (0.0569)
2024-11-21 19:04:23,321 Test: [170/200]	Time 0.015 (0.028)	Loss 0.0382 (0.0568)
2024-11-21 19:04:23,482 Test: [180/200]	Time 0.016 (0.028)	Loss 0.0363 (0.0564)
2024-11-21 19:04:23,650 Test: [190/200]	Time 0.017 (0.027)	Loss 0.0227 (0.0563)
2024-11-21 19:04:29,321 Mean IoU score: 0.869
2024-11-21 19:04:29,323 => saving checkpoint to out
2024-11-21 19:04:31,563 Epoch: [18][0/200]	Time 2.224s (2.224s)	Speed 14.4 samples/s	Data 1.823s (1.823s)	Loss 0.00879 (0.00879)
2024-11-21 19:04:35,439 Epoch: [18][10/200]	Time 0.391s (0.555s)	Speed 81.8 samples/s	Data 0.001s (0.166s)	Loss 0.00591 (0.00802)
2024-11-21 19:04:39,299 Epoch: [18][20/200]	Time 0.388s (0.474s)	Speed 82.5 samples/s	Data 0.000s (0.087s)	Loss 0.00979 (0.00780)
2024-11-21 19:04:43,250 Epoch: [18][30/200]	Time 0.389s (0.449s)	Speed 82.2 samples/s	Data 0.000s (0.059s)	Loss 0.00637 (0.00735)
2024-11-21 19:04:47,135 Epoch: [18][40/200]	Time 0.384s (0.434s)	Speed 83.4 samples/s	Data 0.000s (0.045s)	Loss 0.00855 (0.00722)
2024-11-21 19:04:51,035 Epoch: [18][50/200]	Time 0.421s (0.425s)	Speed 76.0 samples/s	Data 0.000s (0.036s)	Loss 0.00658 (0.00710)
2024-11-21 19:04:54,941 Epoch: [18][60/200]	Time 0.381s (0.420s)	Speed 84.0 samples/s	Data 0.000s (0.030s)	Loss 0.00467 (0.00705)
2024-11-21 19:04:58,783 Epoch: [18][70/200]	Time 0.394s (0.415s)	Speed 81.2 samples/s	Data 0.001s (0.026s)	Loss 0.00691 (0.00697)
2024-11-21 19:05:02,722 Epoch: [18][80/200]	Time 0.388s (0.412s)	Speed 82.4 samples/s	Data 0.001s (0.023s)	Loss 0.00668 (0.00689)
2024-11-21 19:05:06,592 Epoch: [18][90/200]	Time 0.385s (0.409s)	Speed 83.2 samples/s	Data 0.000s (0.021s)	Loss 0.00702 (0.00702)
2024-11-21 19:05:10,476 Epoch: [18][100/200]	Time 0.396s (0.407s)	Speed 80.9 samples/s	Data 0.001s (0.019s)	Loss 0.00827 (0.00703)
2024-11-21 19:05:14,383 Epoch: [18][110/200]	Time 0.399s (0.406s)	Speed 80.3 samples/s	Data 0.001s (0.017s)	Loss 0.00861 (0.00707)
2024-11-21 19:05:18,250 Epoch: [18][120/200]	Time 0.389s (0.404s)	Speed 82.3 samples/s	Data 0.001s (0.016s)	Loss 0.00688 (0.00705)
2024-11-21 19:05:22,215 Epoch: [18][130/200]	Time 0.391s (0.404s)	Speed 81.8 samples/s	Data 0.000s (0.014s)	Loss 0.00834 (0.00704)
2024-11-21 19:05:26,019 Epoch: [18][140/200]	Time 0.383s (0.402s)	Speed 83.5 samples/s	Data 0.001s (0.013s)	Loss 0.00544 (0.00704)
2024-11-21 19:05:29,984 Epoch: [18][150/200]	Time 0.387s (0.402s)	Speed 82.7 samples/s	Data 0.000s (0.013s)	Loss 0.00646 (0.00702)
2024-11-21 19:05:33,916 Epoch: [18][160/200]	Time 0.370s (0.401s)	Speed 86.4 samples/s	Data 0.001s (0.012s)	Loss 0.00601 (0.00706)
2024-11-21 19:05:37,734 Epoch: [18][170/200]	Time 0.376s (0.400s)	Speed 85.2 samples/s	Data 0.000s (0.011s)	Loss 0.00741 (0.00705)
2024-11-21 19:05:41,662 Epoch: [18][180/200]	Time 0.433s (0.400s)	Speed 73.9 samples/s	Data 0.001s (0.011s)	Loss 0.00724 (0.00704)
2024-11-21 19:05:45,531 Epoch: [18][190/200]	Time 0.391s (0.399s)	Speed 81.9 samples/s	Data 0.000s (0.010s)	Loss 0.00723 (0.00702)
2024-11-21 19:06:10,830 Test: [0/200]	Time 1.802 (1.802)	Loss 0.0843 (0.0843)
2024-11-21 19:06:11,009 Test: [10/200]	Time 0.016 (0.180)	Loss 0.0094 (0.0540)
2024-11-21 19:06:11,192 Test: [20/200]	Time 0.028 (0.103)	Loss 0.0241 (0.0521)
2024-11-21 19:06:11,409 Test: [30/200]	Time 0.020 (0.077)	Loss 0.0716 (0.0572)
2024-11-21 19:06:11,626 Test: [40/200]	Time 0.022 (0.063)	Loss 0.0437 (0.0596)
2024-11-21 19:06:11,824 Test: [50/200]	Time 0.020 (0.055)	Loss 0.0940 (0.0596)
2024-11-21 19:06:12,032 Test: [60/200]	Time 0.025 (0.049)	Loss 0.0917 (0.0613)
2024-11-21 19:06:12,207 Test: [70/200]	Time 0.018 (0.045)	Loss 0.0518 (0.0607)
2024-11-21 19:06:12,379 Test: [80/200]	Time 0.017 (0.041)	Loss 0.0716 (0.0589)
2024-11-21 19:06:12,555 Test: [90/200]	Time 0.021 (0.039)	Loss 0.0801 (0.0602)
2024-11-21 19:06:12,728 Test: [100/200]	Time 0.018 (0.037)	Loss 0.0793 (0.0595)
2024-11-21 19:06:12,902 Test: [110/200]	Time 0.014 (0.035)	Loss 0.1702 (0.0600)
2024-11-21 19:06:13,080 Test: [120/200]	Time 0.017 (0.033)	Loss 0.0566 (0.0594)
2024-11-21 19:06:13,245 Test: [130/200]	Time 0.018 (0.032)	Loss 0.0560 (0.0598)
2024-11-21 19:06:13,435 Test: [140/200]	Time 0.019 (0.031)	Loss 0.0616 (0.0595)
2024-11-21 19:06:13,614 Test: [150/200]	Time 0.019 (0.030)	Loss 0.0477 (0.0586)
2024-11-21 19:06:13,792 Test: [160/200]	Time 0.020 (0.030)	Loss 0.0686 (0.0585)
2024-11-21 19:06:13,960 Test: [170/200]	Time 0.020 (0.029)	Loss 0.0417 (0.0583)
2024-11-21 19:06:14,141 Test: [180/200]	Time 0.016 (0.028)	Loss 0.0374 (0.0579)
2024-11-21 19:06:14,321 Test: [190/200]	Time 0.016 (0.028)	Loss 0.0220 (0.0579)
2024-11-21 19:06:20,044 Mean IoU score: 0.866
2024-11-21 19:06:20,047 => saving checkpoint to out
2024-11-21 19:06:22,423 Epoch: [19][0/200]	Time 2.361s (2.361s)	Speed 13.6 samples/s	Data 1.952s (1.952s)	Loss 0.00855 (0.00855)
2024-11-21 19:06:26,317 Epoch: [19][10/200]	Time 0.380s (0.569s)	Speed 84.2 samples/s	Data 0.001s (0.178s)	Loss 0.00758 (0.00689)
2024-11-21 19:06:30,213 Epoch: [19][20/200]	Time 0.393s (0.483s)	Speed 81.3 samples/s	Data 0.001s (0.093s)	Loss 0.00653 (0.00659)
2024-11-21 19:06:34,133 Epoch: [19][30/200]	Time 0.385s (0.454s)	Speed 83.2 samples/s	Data 0.000s (0.063s)	Loss 0.00783 (0.00668)
2024-11-21 19:06:37,966 Epoch: [19][40/200]	Time 0.378s (0.437s)	Speed 84.6 samples/s	Data 0.000s (0.048s)	Loss 0.00585 (0.00665)
2024-11-21 19:06:41,854 Epoch: [19][50/200]	Time 0.408s (0.427s)	Speed 78.4 samples/s	Data 0.000s (0.039s)	Loss 0.00695 (0.00667)
2024-11-21 19:06:45,760 Epoch: [19][60/200]	Time 0.385s (0.421s)	Speed 83.1 samples/s	Data 0.000s (0.033s)	Loss 0.00696 (0.00667)
2024-11-21 19:06:49,651 Epoch: [19][70/200]	Time 0.400s (0.417s)	Speed 80.1 samples/s	Data 0.000s (0.028s)	Loss 0.00586 (0.00663)
2024-11-21 19:06:53,550 Epoch: [19][80/200]	Time 0.377s (0.413s)	Speed 85.0 samples/s	Data 0.001s (0.025s)	Loss 0.00700 (0.00665)
2024-11-21 19:06:57,437 Epoch: [19][90/200]	Time 0.384s (0.411s)	Speed 83.4 samples/s	Data 0.000s (0.022s)	Loss 0.00752 (0.00671)
2024-11-21 19:07:01,279 Epoch: [19][100/200]	Time 0.383s (0.408s)	Speed 83.5 samples/s	Data 0.000s (0.020s)	Loss 0.00855 (0.00673)
2024-11-21 19:07:05,228 Epoch: [19][110/200]	Time 0.384s (0.407s)	Speed 83.4 samples/s	Data 0.000s (0.018s)	Loss 0.00672 (0.00672)
2024-11-21 19:07:09,062 Epoch: [19][120/200]	Time 0.383s (0.405s)	Speed 83.6 samples/s	Data 0.000s (0.017s)	Loss 0.00640 (0.00672)
2024-11-21 19:07:12,973 Epoch: [19][130/200]	Time 0.380s (0.404s)	Speed 84.3 samples/s	Data 0.000s (0.015s)	Loss 0.00673 (0.00673)
2024-11-21 19:07:16,824 Epoch: [19][140/200]	Time 0.385s (0.403s)	Speed 83.1 samples/s	Data 0.000s (0.014s)	Loss 0.00594 (0.00679)
2024-11-21 19:07:20,780 Epoch: [19][150/200]	Time 0.375s (0.402s)	Speed 85.4 samples/s	Data 0.001s (0.013s)	Loss 0.00687 (0.00680)
2024-11-21 19:07:24,661 Epoch: [19][160/200]	Time 0.389s (0.401s)	Speed 82.2 samples/s	Data 0.001s (0.013s)	Loss 0.00821 (0.00682)
2024-11-21 19:07:28,459 Epoch: [19][170/200]	Time 0.385s (0.400s)	Speed 83.1 samples/s	Data 0.001s (0.012s)	Loss 0.00582 (0.00681)
2024-11-21 19:07:32,323 Epoch: [19][180/200]	Time 0.427s (0.399s)	Speed 75.0 samples/s	Data 0.000s (0.011s)	Loss 0.00682 (0.00679)
2024-11-21 19:07:36,241 Epoch: [19][190/200]	Time 0.374s (0.399s)	Speed 85.5 samples/s	Data 0.000s (0.011s)	Loss 0.00734 (0.00683)
2024-11-21 19:08:01,737 Test: [0/200]	Time 1.937 (1.937)	Loss 0.0868 (0.0868)
2024-11-21 19:08:01,909 Test: [10/200]	Time 0.019 (0.192)	Loss 0.0095 (0.0540)
2024-11-21 19:08:02,099 Test: [20/200]	Time 0.017 (0.109)	Loss 0.0263 (0.0534)
2024-11-21 19:08:02,300 Test: [30/200]	Time 0.018 (0.081)	Loss 0.0666 (0.0574)
2024-11-21 19:08:02,496 Test: [40/200]	Time 0.023 (0.066)	Loss 0.0439 (0.0591)
2024-11-21 19:08:02,694 Test: [50/200]	Time 0.021 (0.057)	Loss 0.0971 (0.0596)
2024-11-21 19:08:02,890 Test: [60/200]	Time 0.024 (0.051)	Loss 0.0908 (0.0609)
2024-11-21 19:08:03,075 Test: [70/200]	Time 0.013 (0.046)	Loss 0.0471 (0.0602)
2024-11-21 19:08:03,240 Test: [80/200]	Time 0.015 (0.042)	Loss 0.0654 (0.0582)
2024-11-21 19:08:03,402 Test: [90/200]	Time 0.018 (0.040)	Loss 0.0815 (0.0598)
2024-11-21 19:08:03,568 Test: [100/200]	Time 0.014 (0.037)	Loss 0.0699 (0.0592)
2024-11-21 19:08:03,730 Test: [110/200]	Time 0.016 (0.035)	Loss 0.1659 (0.0600)
2024-11-21 19:08:03,888 Test: [120/200]	Time 0.016 (0.034)	Loss 0.0524 (0.0592)
2024-11-21 19:08:04,047 Test: [130/200]	Time 0.012 (0.032)	Loss 0.0516 (0.0594)
2024-11-21 19:08:04,233 Test: [140/200]	Time 0.018 (0.031)	Loss 0.0616 (0.0590)
2024-11-21 19:08:04,400 Test: [150/200]	Time 0.022 (0.030)	Loss 0.0479 (0.0582)
2024-11-21 19:08:04,577 Test: [160/200]	Time 0.017 (0.030)	Loss 0.0660 (0.0581)
2024-11-21 19:08:04,749 Test: [170/200]	Time 0.016 (0.029)	Loss 0.0337 (0.0579)
2024-11-21 19:08:04,914 Test: [180/200]	Time 0.011 (0.028)	Loss 0.0332 (0.0575)
2024-11-21 19:08:05,076 Test: [190/200]	Time 0.016 (0.028)	Loss 0.0215 (0.0574)
2024-11-21 19:08:10,749 Mean IoU score: 0.869
2024-11-21 19:08:10,752 => saving checkpoint to out
2024-11-21 19:08:10,768 saving final model state to out/final_state.pth.tar
